[ INFO ] [Test worker] [2024-02-01 12:22:00] org.springframework.test.context.support.AnnotationConfigContextLoaderUtils [83] - Could not detect default configuration classes for test class [com.picpal.framework.BoilerplateApplicationTests]: BoilerplateApplicationTests does not declare any static, non-private, non-final, nested classes annotated with @Configuration.
[ INFO ] [Test worker] [2024-02-01 12:22:00] org.springframework.boot.test.context.SpringBootTestContextBootstrapper [234] - Found @SpringBootConfiguration com.picpal.framework.BoilerplateApplication for test class com.picpal.framework.BoilerplateApplicationTests
[ INFO ] [Test worker] [2024-02-01 12:22:01] com.picpal.framework.BoilerplateApplicationTests [50] - Starting BoilerplateApplicationTests using Java 17.0.8 with PID 1044 (started by bwc in C:\Users\bwc\Desktop\picpal\boilerplate-back)
[ INFO ] [Test worker] [2024-02-01 12:22:01] com.picpal.framework.BoilerplateApplicationTests [660] - The following 1 profile is active: "local"
[ INFO ] [Test worker] [2024-02-01 12:22:02] org.springframework.data.repository.config.RepositoryConfigurationDelegate [139] - Bootstrapping Spring Data JPA repositories in DEFAULT mode.
[ INFO ] [Test worker] [2024-02-01 12:22:02] org.springframework.data.repository.config.RepositoryConfigurationDelegate [208] - Finished Spring Data repository scanning in 20 ms. Found 0 JPA repository interfaces.
[ INFO ] [Test worker] [2024-02-01 12:22:03] org.hibernate.jpa.internal.util.LogHelper [31] - HHH000204: Processing PersistenceUnitInfo [name: default]
[ INFO ] [Test worker] [2024-02-01 12:22:03] org.hibernate.Version [44] - HHH000412: Hibernate ORM core version 6.4.1.Final
[ INFO ] [Test worker] [2024-02-01 12:22:03] org.hibernate.cache.internal.RegionFactoryInitiator [50] - HHH000026: Second-level cache disabled
[ INFO ] [Test worker] [2024-02-01 12:22:03] org.springframework.orm.jpa.persistenceunit.SpringPersistenceUnitInfo [87] - No LoadTimeWeaver setup: ignoring JPA class transformer
[ INFO ] [Test worker] [2024-02-01 12:22:03] com.zaxxer.hikari.HikariDataSource [110] - HikariPool-1 - Starting...
[ INFO ] [Test worker] [2024-02-01 12:22:04] com.zaxxer.hikari.pool.HikariPool [565] - HikariPool-1 - Added connection conn0: url=jdbc:h2:~/test user=ADMIN
[ INFO ] [Test worker] [2024-02-01 12:22:04] com.zaxxer.hikari.HikariDataSource [123] - HikariPool-1 - Start completed.
[ WARN ] [Test worker] [2024-02-01 12:22:04] org.hibernate.orm.deprecation [153] - HHH90000025: H2Dialect does not need to be specified explicitly using 'hibernate.dialect' (remove the property setting and it will be selected by default)
[ INFO ] [Test worker] [2024-02-01 12:22:04] org.hibernate.engine.transaction.jta.platform.internal.JtaPlatformInitiator [58] - HHH000489: No JTA platform available (set 'hibernate.transaction.jta.platform' to enable JTA platform integration)
[ INFO ] [Test worker] [2024-02-01 12:22:04] org.springframework.orm.jpa.LocalContainerEntityManagerFactoryBean [437] - Initialized JPA EntityManagerFactory for persistence unit 'default'
[ WARN ] [Test worker] [2024-02-01 12:22:04] org.springframework.boot.autoconfigure.orm.jpa.JpaBaseConfiguration$JpaWebConfiguration [232] - spring.jpa.open-in-view is enabled by default. Therefore, database queries may be performed during view rendering. Explicitly configure spring.jpa.open-in-view to disable this warning
[ WARN ] [Test worker] [2024-02-01 12:22:04] org.springframework.boot.autoconfigure.security.servlet.UserDetailsServiceAutoConfiguration [86] - 

Using generated security password: e39da694-2577-464f-9f4f-e90c18cd73e5

This generated password is for development use only. Your security configuration must be updated before running your application in production.

[ INFO ] [Test worker] [2024-02-01 12:22:06] org.springframework.boot.actuate.endpoint.web.EndpointLinksResolver [58] - Exposing 2 endpoint(s) beneath base path '/actuator'
[ INFO ] [Test worker] [2024-02-01 12:22:06] org.springframework.security.web.DefaultSecurityFilterChain [54] - Will secure Or [Mvc [pattern='/**']] with [org.springframework.security.web.session.DisableEncodeUrlFilter@4807b2b7, org.springframework.security.web.context.request.async.WebAsyncManagerIntegrationFilter@71eead09, org.springframework.security.web.context.SecurityContextHolderFilter@ee7a538, org.springframework.security.web.header.HeaderWriterFilter@1dfd3635, org.springframework.security.web.authentication.logout.LogoutFilter@4d50f682, org.springframework.security.web.authentication.www.BasicAuthenticationFilter@4b718c45, org.springframework.security.web.savedrequest.RequestCacheAwareFilter@62682ece, org.springframework.security.web.servletapi.SecurityContextHolderAwareRequestFilter@19bad88, org.springframework.security.web.authentication.AnonymousAuthenticationFilter@586af46, org.springframework.security.web.session.SessionManagementFilter@3c3a767, org.springframework.security.web.access.ExceptionTranslationFilter@58ca1cad, org.springframework.security.web.access.intercept.AuthorizationFilter@1e387974]
[ INFO ] [Test worker] [2024-02-01 12:22:07] org.quartz.impl.StdSchedulerFactory [1220] - Using default implementation for ThreadExecutor
[ INFO ] [Test worker] [2024-02-01 12:22:07] org.quartz.core.SchedulerSignalerImpl [61] - Initialized Scheduler Signaller of type: class org.quartz.core.SchedulerSignalerImpl
[ INFO ] [Test worker] [2024-02-01 12:22:07] org.quartz.core.QuartzScheduler [229] - Quartz Scheduler v.2.3.2 created.
[ INFO ] [Test worker] [2024-02-01 12:22:07] org.quartz.simpl.RAMJobStore [155] - RAMJobStore initialized.
[ INFO ] [Test worker] [2024-02-01 12:22:07] org.quartz.core.QuartzScheduler [294] - Scheduler meta-data: Quartz Scheduler (v2.3.2) 'quartzScheduler' with instanceId 'NON_CLUSTERED'
  Scheduler class: 'org.quartz.core.QuartzScheduler' - running locally.
  NOT STARTED.
  Currently in standby mode.
  Number of jobs executed: 0
  Using thread pool 'org.quartz.simpl.SimpleThreadPool' - with 10 threads.
  Using job-store 'org.quartz.simpl.RAMJobStore' - which does not support persistence. and is not clustered.

[ INFO ] [Test worker] [2024-02-01 12:22:07] org.quartz.impl.StdSchedulerFactory [1374] - Quartz scheduler 'quartzScheduler' initialized from an externally provided properties instance.
[ INFO ] [Test worker] [2024-02-01 12:22:07] org.quartz.impl.StdSchedulerFactory [1378] - Quartz scheduler version: 2.3.2
[ INFO ] [Test worker] [2024-02-01 12:22:07] org.quartz.core.QuartzScheduler [2293] - JobFactory set to: org.springframework.scheduling.quartz.SpringBeanJobFactory@7bfd8f92
[ INFO ] [Test worker] [2024-02-01 12:22:07] org.springframework.boot.autoconfigure.h2.H2ConsoleAutoConfiguration [88] - H2 console available at '/h2-console'. Database available at 'jdbc:h2:~/test'
[ INFO ] [Test worker] [2024-02-01 12:22:07] org.springframework.scheduling.quartz.SchedulerFactoryBean [729] - Starting Quartz Scheduler now
[ INFO ] [Test worker] [2024-02-01 12:22:07] org.quartz.core.QuartzScheduler [547] - Scheduler quartzScheduler_$_NON_CLUSTERED started.
[ INFO ] [Test worker] [2024-02-01 12:22:07] com.picpal.framework.BoilerplateApplicationTests [56] - Started BoilerplateApplicationTests in 6.989 seconds (process running for 8.995)
[ INFO ] [SpringApplicationShutdownHook] [2024-02-01 12:22:08] org.quartz.core.QuartzScheduler [585] - Scheduler quartzScheduler_$_NON_CLUSTERED paused.
[ INFO ] [SpringApplicationShutdownHook] [2024-02-01 12:22:08] org.springframework.scheduling.quartz.SchedulerFactoryBean [847] - Shutting down Quartz Scheduler
[ INFO ] [SpringApplicationShutdownHook] [2024-02-01 12:22:08] org.quartz.core.QuartzScheduler [666] - Scheduler quartzScheduler_$_NON_CLUSTERED shutting down.
[ INFO ] [SpringApplicationShutdownHook] [2024-02-01 12:22:08] org.quartz.core.QuartzScheduler [585] - Scheduler quartzScheduler_$_NON_CLUSTERED paused.
[ INFO ] [SpringApplicationShutdownHook] [2024-02-01 12:22:08] org.quartz.core.QuartzScheduler [740] - Scheduler quartzScheduler_$_NON_CLUSTERED shutdown complete.
[ INFO ] [SpringApplicationShutdownHook] [2024-02-01 12:22:08] org.springframework.orm.jpa.LocalContainerEntityManagerFactoryBean [650] - Closing JPA EntityManagerFactory for persistence unit 'default'
[ INFO ] [SpringApplicationShutdownHook] [2024-02-01 12:22:08] com.zaxxer.hikari.HikariDataSource [350] - HikariPool-1 - Shutdown initiated...
[ INFO ] [SpringApplicationShutdownHook] [2024-02-01 12:22:08] com.zaxxer.hikari.HikariDataSource [352] - HikariPool-1 - Shutdown completed.
[ INFO ] [restartedMain] [2024-02-01 12:31:26] com.picpal.framework.BoilerplateApplication [50] - Starting BoilerplateApplication using Java 17.0.8 with PID 15160 (C:\Users\bwc\Desktop\picpal\boilerplate-back\build\classes\java\main started by bwc in C:\Users\bwc\Desktop\picpal\boilerplate-back)
[ INFO ] [restartedMain] [2024-02-01 12:31:26] com.picpal.framework.BoilerplateApplication [660] - The following 1 profile is active: "local"
[ INFO ] [restartedMain] [2024-02-01 12:31:26] org.springframework.boot.devtools.env.DevToolsPropertyDefaultsPostProcessor [252] - Devtools property defaults active! Set 'spring.devtools.add-properties' to 'false' to disable
[ INFO ] [restartedMain] [2024-02-01 12:31:26] org.springframework.boot.devtools.env.DevToolsPropertyDefaultsPostProcessor [252] - For additional web related logging consider setting the 'logging.level.web' property to 'DEBUG'
[ INFO ] [restartedMain] [2024-02-01 12:31:28] org.springframework.data.repository.config.RepositoryConfigurationDelegate [139] - Bootstrapping Spring Data JPA repositories in DEFAULT mode.
[ INFO ] [restartedMain] [2024-02-01 12:31:28] org.springframework.data.repository.config.RepositoryConfigurationDelegate [208] - Finished Spring Data repository scanning in 18 ms. Found 0 JPA repository interfaces.
[ INFO ] [restartedMain] [2024-02-01 12:31:29] org.springframework.boot.web.embedded.tomcat.TomcatWebServer [109] - Tomcat initialized with port 8080 (http)
[ INFO ] [restartedMain] [2024-02-01 12:31:29] org.apache.catalina.core.StandardService [173] - Starting service [Tomcat]
[ INFO ] [restartedMain] [2024-02-01 12:31:29] org.apache.catalina.core.StandardEngine [173] - Starting Servlet engine: [Apache Tomcat/10.1.18]
[ INFO ] [restartedMain] [2024-02-01 12:31:29] org.apache.catalina.core.ContainerBase.[Tomcat].[localhost].[/] [173] - Initializing Spring embedded WebApplicationContext
[ INFO ] [restartedMain] [2024-02-01 12:31:29] org.springframework.boot.web.servlet.context.ServletWebServerApplicationContext [296] - Root WebApplicationContext: initialization completed in 2774 ms
[ INFO ] [restartedMain] [2024-02-01 12:31:30] com.zaxxer.hikari.HikariDataSource [110] - HikariPool-1 - Starting...
[ INFO ] [restartedMain] [2024-02-01 12:31:30] com.zaxxer.hikari.pool.HikariPool [565] - HikariPool-1 - Added connection conn0: url=jdbc:h2:~/test user=ADMIN
[ INFO ] [restartedMain] [2024-02-01 12:31:30] com.zaxxer.hikari.HikariDataSource [123] - HikariPool-1 - Start completed.
[ INFO ] [restartedMain] [2024-02-01 12:31:30] org.springframework.boot.autoconfigure.h2.H2ConsoleAutoConfiguration [88] - H2 console available at '/h2-console'. Database available at 'jdbc:h2:~/test'
[ INFO ] [restartedMain] [2024-02-01 12:31:30] org.hibernate.jpa.internal.util.LogHelper [31] - HHH000204: Processing PersistenceUnitInfo [name: default]
[ INFO ] [restartedMain] [2024-02-01 12:31:30] org.hibernate.Version [44] - HHH000412: Hibernate ORM core version 6.4.1.Final
[ INFO ] [restartedMain] [2024-02-01 12:31:30] org.hibernate.cache.internal.RegionFactoryInitiator [50] - HHH000026: Second-level cache disabled
[ INFO ] [restartedMain] [2024-02-01 12:31:31] org.springframework.orm.jpa.persistenceunit.SpringPersistenceUnitInfo [87] - No LoadTimeWeaver setup: ignoring JPA class transformer
[ WARN ] [restartedMain] [2024-02-01 12:31:31] org.hibernate.orm.deprecation [153] - HHH90000025: H2Dialect does not need to be specified explicitly using 'hibernate.dialect' (remove the property setting and it will be selected by default)
[ INFO ] [restartedMain] [2024-02-01 12:31:32] org.hibernate.engine.transaction.jta.platform.internal.JtaPlatformInitiator [58] - HHH000489: No JTA platform available (set 'hibernate.transaction.jta.platform' to enable JTA platform integration)
[ INFO ] [restartedMain] [2024-02-01 12:31:32] org.springframework.orm.jpa.LocalContainerEntityManagerFactoryBean [437] - Initialized JPA EntityManagerFactory for persistence unit 'default'
[ WARN ] [restartedMain] [2024-02-01 12:31:33] org.springframework.boot.autoconfigure.orm.jpa.JpaBaseConfiguration$JpaWebConfiguration [232] - spring.jpa.open-in-view is enabled by default. Therefore, database queries may be performed during view rendering. Explicitly configure spring.jpa.open-in-view to disable this warning
[ WARN ] [restartedMain] [2024-02-01 12:31:33] org.springframework.boot.autoconfigure.security.servlet.UserDetailsServiceAutoConfiguration [86] - 

Using generated security password: fe6f7d70-9e43-4956-8f55-5f126f2e25e0

This generated password is for development use only. Your security configuration must be updated before running your application in production.

[ INFO ] [restartedMain] [2024-02-01 12:31:35] org.springframework.boot.actuate.endpoint.web.EndpointLinksResolver [58] - Exposing 2 endpoint(s) beneath base path '/actuator'
[ INFO ] [restartedMain] [2024-02-01 12:31:35] org.springframework.security.web.DefaultSecurityFilterChain [54] - Will secure Or [Mvc [pattern='/**']] with [org.springframework.security.web.session.DisableEncodeUrlFilter@1642c942, org.springframework.security.web.context.request.async.WebAsyncManagerIntegrationFilter@2ce89ef4, org.springframework.security.web.context.SecurityContextHolderFilter@3429696, org.springframework.security.web.header.HeaderWriterFilter@7410aec4, org.springframework.security.web.authentication.logout.LogoutFilter@10ebb138, org.springframework.security.web.authentication.www.BasicAuthenticationFilter@7751f131, org.springframework.security.web.savedrequest.RequestCacheAwareFilter@4a42bb1e, org.springframework.security.web.servletapi.SecurityContextHolderAwareRequestFilter@49f59e2d, org.springframework.security.web.authentication.AnonymousAuthenticationFilter@59dc8957, org.springframework.security.web.session.SessionManagementFilter@6a7e228c, org.springframework.security.web.access.ExceptionTranslationFilter@2081855e, org.springframework.security.web.access.intercept.AuthorizationFilter@7e32901a]
[ INFO ] [restartedMain] [2024-02-01 12:31:36] org.quartz.impl.StdSchedulerFactory [1220] - Using default implementation for ThreadExecutor
[ INFO ] [restartedMain] [2024-02-01 12:31:36] org.quartz.core.SchedulerSignalerImpl [61] - Initialized Scheduler Signaller of type: class org.quartz.core.SchedulerSignalerImpl
[ INFO ] [restartedMain] [2024-02-01 12:31:36] org.quartz.core.QuartzScheduler [229] - Quartz Scheduler v.2.3.2 created.
[ INFO ] [restartedMain] [2024-02-01 12:31:36] org.quartz.simpl.RAMJobStore [155] - RAMJobStore initialized.
[ INFO ] [restartedMain] [2024-02-01 12:31:36] org.quartz.core.QuartzScheduler [294] - Scheduler meta-data: Quartz Scheduler (v2.3.2) 'quartzScheduler' with instanceId 'NON_CLUSTERED'
  Scheduler class: 'org.quartz.core.QuartzScheduler' - running locally.
  NOT STARTED.
  Currently in standby mode.
  Number of jobs executed: 0
  Using thread pool 'org.quartz.simpl.SimpleThreadPool' - with 10 threads.
  Using job-store 'org.quartz.simpl.RAMJobStore' - which does not support persistence. and is not clustered.

[ INFO ] [restartedMain] [2024-02-01 12:31:36] org.quartz.impl.StdSchedulerFactory [1374] - Quartz scheduler 'quartzScheduler' initialized from an externally provided properties instance.
[ INFO ] [restartedMain] [2024-02-01 12:31:36] org.quartz.impl.StdSchedulerFactory [1378] - Quartz scheduler version: 2.3.2
[ INFO ] [restartedMain] [2024-02-01 12:31:36] org.quartz.core.QuartzScheduler [2293] - JobFactory set to: org.springframework.scheduling.quartz.SpringBeanJobFactory@fbb359d
[ INFO ] [restartedMain] [2024-02-01 12:31:36] org.springframework.boot.devtools.autoconfigure.OptionalLiveReloadServer [59] - LiveReload server is running on port 35729
[ INFO ] [restartedMain] [2024-02-01 12:31:36] org.springframework.boot.web.embedded.tomcat.TomcatWebServer [241] - Tomcat started on port 8080 (http) with context path ''
[ INFO ] [restartedMain] [2024-02-01 12:31:36] org.springframework.scheduling.quartz.SchedulerFactoryBean [729] - Starting Quartz Scheduler now
[ INFO ] [restartedMain] [2024-02-01 12:31:36] org.quartz.core.QuartzScheduler [547] - Scheduler quartzScheduler_$_NON_CLUSTERED started.
[ INFO ] [restartedMain] [2024-02-01 12:31:36] com.picpal.framework.BoilerplateApplication [56] - Started BoilerplateApplication in 10.666 seconds (process running for 12.5)
[ INFO ] [http-nio-8080-exec-1] [2024-02-01 12:31:44] org.apache.catalina.core.ContainerBase.[Tomcat].[localhost].[/] [173] - Initializing Spring DispatcherServlet 'dispatcherServlet'
[ INFO ] [http-nio-8080-exec-1] [2024-02-01 12:31:44] org.springframework.web.servlet.DispatcherServlet [532] - Initializing Servlet 'dispatcherServlet'
[ INFO ] [http-nio-8080-exec-1] [2024-02-01 12:31:44] org.springframework.web.servlet.DispatcherServlet [554] - Completed initialization in 2 ms
[ INFO ] [SpringApplicationShutdownHook] [2024-02-01 12:32:44] org.quartz.core.QuartzScheduler [585] - Scheduler quartzScheduler_$_NON_CLUSTERED paused.
[ INFO ] [SpringApplicationShutdownHook] [2024-02-01 12:32:44] org.springframework.scheduling.quartz.SchedulerFactoryBean [847] - Shutting down Quartz Scheduler
[ INFO ] [SpringApplicationShutdownHook] [2024-02-01 12:32:44] org.quartz.core.QuartzScheduler [666] - Scheduler quartzScheduler_$_NON_CLUSTERED shutting down.
[ INFO ] [SpringApplicationShutdownHook] [2024-02-01 12:32:44] org.quartz.core.QuartzScheduler [585] - Scheduler quartzScheduler_$_NON_CLUSTERED paused.
[ INFO ] [SpringApplicationShutdownHook] [2024-02-01 12:32:44] org.quartz.core.QuartzScheduler [740] - Scheduler quartzScheduler_$_NON_CLUSTERED shutdown complete.
[ INFO ] [SpringApplicationShutdownHook] [2024-02-01 12:32:44] org.springframework.orm.jpa.LocalContainerEntityManagerFactoryBean [650] - Closing JPA EntityManagerFactory for persistence unit 'default'
[ INFO ] [SpringApplicationShutdownHook] [2024-02-01 12:32:44] com.zaxxer.hikari.HikariDataSource [350] - HikariPool-1 - Shutdown initiated...
[ INFO ] [SpringApplicationShutdownHook] [2024-02-01 12:32:44] com.zaxxer.hikari.HikariDataSource [352] - HikariPool-1 - Shutdown completed.
[ INFO ] [restartedMain] [2024-02-01 12:33:10] com.picpal.framework.BoilerplateApplication [50] - Starting BoilerplateApplication using Java 17.0.8 with PID 15520 (C:\Users\bwc\Desktop\picpal\boilerplate-back\build\classes\java\main started by bwc in C:\Users\bwc\Desktop\picpal\boilerplate-back)
[ INFO ] [restartedMain] [2024-02-01 12:33:10] com.picpal.framework.BoilerplateApplication [660] - The following 1 profile is active: "local"
[ INFO ] [restartedMain] [2024-02-01 12:33:10] org.springframework.boot.devtools.env.DevToolsPropertyDefaultsPostProcessor [252] - Devtools property defaults active! Set 'spring.devtools.add-properties' to 'false' to disable
[ INFO ] [restartedMain] [2024-02-01 12:33:10] org.springframework.boot.devtools.env.DevToolsPropertyDefaultsPostProcessor [252] - For additional web related logging consider setting the 'logging.level.web' property to 'DEBUG'
[ INFO ] [restartedMain] [2024-02-01 12:33:12] org.springframework.data.repository.config.RepositoryConfigurationDelegate [139] - Bootstrapping Spring Data JPA repositories in DEFAULT mode.
[ INFO ] [restartedMain] [2024-02-01 12:33:12] org.springframework.data.repository.config.RepositoryConfigurationDelegate [208] - Finished Spring Data repository scanning in 48 ms. Found 0 JPA repository interfaces.
[ INFO ] [restartedMain] [2024-02-01 12:33:14] org.springframework.boot.web.embedded.tomcat.TomcatWebServer [109] - Tomcat initialized with port 8080 (http)
[ INFO ] [restartedMain] [2024-02-01 12:33:14] org.apache.catalina.core.StandardService [173] - Starting service [Tomcat]
[ INFO ] [restartedMain] [2024-02-01 12:33:14] org.apache.catalina.core.StandardEngine [173] - Starting Servlet engine: [Apache Tomcat/10.1.18]
[ INFO ] [restartedMain] [2024-02-01 12:33:14] org.apache.catalina.core.ContainerBase.[Tomcat].[localhost].[/] [173] - Initializing Spring embedded WebApplicationContext
[ INFO ] [restartedMain] [2024-02-01 12:33:14] org.springframework.boot.web.servlet.context.ServletWebServerApplicationContext [296] - Root WebApplicationContext: initialization completed in 3866 ms
[ INFO ] [restartedMain] [2024-02-01 12:33:14] com.zaxxer.hikari.HikariDataSource [110] - HikariPool-1 - Starting...
[ INFO ] [restartedMain] [2024-02-01 12:33:14] com.zaxxer.hikari.pool.HikariPool [565] - HikariPool-1 - Added connection conn0: url=jdbc:h2:~/test user=ADMIN
[ INFO ] [restartedMain] [2024-02-01 12:33:14] com.zaxxer.hikari.HikariDataSource [123] - HikariPool-1 - Start completed.
[ INFO ] [restartedMain] [2024-02-01 12:33:14] org.springframework.boot.autoconfigure.h2.H2ConsoleAutoConfiguration [88] - H2 console available at '/h2-console'. Database available at 'jdbc:h2:~/test'
[ INFO ] [restartedMain] [2024-02-01 12:33:14] org.hibernate.jpa.internal.util.LogHelper [31] - HHH000204: Processing PersistenceUnitInfo [name: default]
[ INFO ] [restartedMain] [2024-02-01 12:33:15] org.hibernate.Version [44] - HHH000412: Hibernate ORM core version 6.4.1.Final
[ INFO ] [restartedMain] [2024-02-01 12:33:15] org.hibernate.cache.internal.RegionFactoryInitiator [50] - HHH000026: Second-level cache disabled
[ INFO ] [restartedMain] [2024-02-01 12:33:15] org.springframework.orm.jpa.persistenceunit.SpringPersistenceUnitInfo [87] - No LoadTimeWeaver setup: ignoring JPA class transformer
[ WARN ] [restartedMain] [2024-02-01 12:33:15] org.hibernate.orm.deprecation [153] - HHH90000025: H2Dialect does not need to be specified explicitly using 'hibernate.dialect' (remove the property setting and it will be selected by default)
[ INFO ] [restartedMain] [2024-02-01 12:33:16] org.hibernate.engine.transaction.jta.platform.internal.JtaPlatformInitiator [58] - HHH000489: No JTA platform available (set 'hibernate.transaction.jta.platform' to enable JTA platform integration)
[ INFO ] [restartedMain] [2024-02-01 12:33:16] org.springframework.orm.jpa.LocalContainerEntityManagerFactoryBean [437] - Initialized JPA EntityManagerFactory for persistence unit 'default'
[ WARN ] [restartedMain] [2024-02-01 12:33:16] org.springframework.boot.autoconfigure.orm.jpa.JpaBaseConfiguration$JpaWebConfiguration [232] - spring.jpa.open-in-view is enabled by default. Therefore, database queries may be performed during view rendering. Explicitly configure spring.jpa.open-in-view to disable this warning
[ WARN ] [restartedMain] [2024-02-01 12:33:17] org.springframework.boot.autoconfigure.security.servlet.UserDetailsServiceAutoConfiguration [86] - 

Using generated security password: 25304932-bb1a-4e02-8dd2-42607a79f799

This generated password is for development use only. Your security configuration must be updated before running your application in production.

[ INFO ] [restartedMain] [2024-02-01 12:33:18] org.springframework.boot.actuate.endpoint.web.EndpointLinksResolver [58] - Exposing 2 endpoint(s) beneath base path '/actuator'
[ INFO ] [restartedMain] [2024-02-01 12:33:18] org.springframework.security.web.DefaultSecurityFilterChain [54] - Will secure Or [Mvc [pattern='/**']] with [org.springframework.security.web.session.DisableEncodeUrlFilter@63c02264, org.springframework.security.web.context.request.async.WebAsyncManagerIntegrationFilter@72fbaf5, org.springframework.security.web.context.SecurityContextHolderFilter@358af5c8, org.springframework.security.web.header.HeaderWriterFilter@136c566e, org.springframework.security.web.authentication.logout.LogoutFilter@5c21c4cd, org.springframework.security.web.authentication.www.BasicAuthenticationFilter@fc92ac3, org.springframework.security.web.savedrequest.RequestCacheAwareFilter@57511456, org.springframework.security.web.servletapi.SecurityContextHolderAwareRequestFilter@1d364f82, org.springframework.security.web.authentication.AnonymousAuthenticationFilter@244461f, org.springframework.security.web.session.SessionManagementFilter@1888606d, org.springframework.security.web.access.ExceptionTranslationFilter@6be0b59, org.springframework.security.web.access.intercept.AuthorizationFilter@fafa964]
[ INFO ] [restartedMain] [2024-02-01 12:33:19] org.quartz.impl.StdSchedulerFactory [1220] - Using default implementation for ThreadExecutor
[ INFO ] [restartedMain] [2024-02-01 12:33:19] org.quartz.core.SchedulerSignalerImpl [61] - Initialized Scheduler Signaller of type: class org.quartz.core.SchedulerSignalerImpl
[ INFO ] [restartedMain] [2024-02-01 12:33:19] org.quartz.core.QuartzScheduler [229] - Quartz Scheduler v.2.3.2 created.
[ INFO ] [restartedMain] [2024-02-01 12:33:19] org.quartz.simpl.RAMJobStore [155] - RAMJobStore initialized.
[ INFO ] [restartedMain] [2024-02-01 12:33:19] org.quartz.core.QuartzScheduler [294] - Scheduler meta-data: Quartz Scheduler (v2.3.2) 'quartzScheduler' with instanceId 'NON_CLUSTERED'
  Scheduler class: 'org.quartz.core.QuartzScheduler' - running locally.
  NOT STARTED.
  Currently in standby mode.
  Number of jobs executed: 0
  Using thread pool 'org.quartz.simpl.SimpleThreadPool' - with 10 threads.
  Using job-store 'org.quartz.simpl.RAMJobStore' - which does not support persistence. and is not clustered.

[ INFO ] [restartedMain] [2024-02-01 12:33:19] org.quartz.impl.StdSchedulerFactory [1374] - Quartz scheduler 'quartzScheduler' initialized from an externally provided properties instance.
[ INFO ] [restartedMain] [2024-02-01 12:33:19] org.quartz.impl.StdSchedulerFactory [1378] - Quartz scheduler version: 2.3.2
[ INFO ] [restartedMain] [2024-02-01 12:33:19] org.quartz.core.QuartzScheduler [2293] - JobFactory set to: org.springframework.scheduling.quartz.SpringBeanJobFactory@57a8ffb3
[ INFO ] [restartedMain] [2024-02-01 12:33:19] org.springframework.boot.devtools.autoconfigure.OptionalLiveReloadServer [59] - LiveReload server is running on port 35729
[ INFO ] [restartedMain] [2024-02-01 12:33:19] org.springframework.boot.web.embedded.tomcat.TomcatWebServer [241] - Tomcat started on port 8080 (http) with context path ''
[ INFO ] [restartedMain] [2024-02-01 12:33:19] org.springframework.scheduling.quartz.SchedulerFactoryBean [729] - Starting Quartz Scheduler now
[ INFO ] [restartedMain] [2024-02-01 12:33:19] org.quartz.core.QuartzScheduler [547] - Scheduler quartzScheduler_$_NON_CLUSTERED started.
[ INFO ] [restartedMain] [2024-02-01 12:33:19] com.picpal.framework.BoilerplateApplication [56] - Started BoilerplateApplication in 9.736 seconds (process running for 11.179)
[ INFO ] [http-nio-8080-exec-2] [2024-02-01 12:33:20] org.apache.catalina.core.ContainerBase.[Tomcat].[localhost].[/] [173] - Initializing Spring DispatcherServlet 'dispatcherServlet'
[ INFO ] [http-nio-8080-exec-2] [2024-02-01 12:33:20] org.springframework.web.servlet.DispatcherServlet [532] - Initializing Servlet 'dispatcherServlet'
[ INFO ] [http-nio-8080-exec-2] [2024-02-01 12:33:20] org.springframework.web.servlet.DispatcherServlet [554] - Completed initialization in 2 ms
[ INFO ] [SpringApplicationShutdownHook] [2024-02-01 12:38:02] org.quartz.core.QuartzScheduler [585] - Scheduler quartzScheduler_$_NON_CLUSTERED paused.
[ INFO ] [SpringApplicationShutdownHook] [2024-02-01 12:38:02] org.springframework.scheduling.quartz.SchedulerFactoryBean [847] - Shutting down Quartz Scheduler
[ INFO ] [SpringApplicationShutdownHook] [2024-02-01 12:38:02] org.quartz.core.QuartzScheduler [666] - Scheduler quartzScheduler_$_NON_CLUSTERED shutting down.
[ INFO ] [SpringApplicationShutdownHook] [2024-02-01 12:38:02] org.quartz.core.QuartzScheduler [585] - Scheduler quartzScheduler_$_NON_CLUSTERED paused.
[ INFO ] [SpringApplicationShutdownHook] [2024-02-01 12:38:02] org.quartz.core.QuartzScheduler [740] - Scheduler quartzScheduler_$_NON_CLUSTERED shutdown complete.
[ INFO ] [SpringApplicationShutdownHook] [2024-02-01 12:38:02] org.springframework.orm.jpa.LocalContainerEntityManagerFactoryBean [650] - Closing JPA EntityManagerFactory for persistence unit 'default'
[ INFO ] [SpringApplicationShutdownHook] [2024-02-01 12:38:02] com.zaxxer.hikari.HikariDataSource [350] - HikariPool-1 - Shutdown initiated...
[ INFO ] [SpringApplicationShutdownHook] [2024-02-01 12:38:02] com.zaxxer.hikari.HikariDataSource [352] - HikariPool-1 - Shutdown completed.
[ INFO ] [restartedMain] [2024-02-01 12:38:09] com.picpal.framework.BoilerplateApplication [50] - Starting BoilerplateApplication using Java 17.0.8 with PID 15044 (C:\Users\bwc\Desktop\picpal\boilerplate-back\build\classes\java\main started by bwc in C:\Users\bwc\Desktop\picpal\boilerplate-back)
[ INFO ] [restartedMain] [2024-02-01 12:38:09] com.picpal.framework.BoilerplateApplication [660] - The following 1 profile is active: "local"
[ INFO ] [restartedMain] [2024-02-01 12:38:09] org.springframework.boot.devtools.env.DevToolsPropertyDefaultsPostProcessor [252] - Devtools property defaults active! Set 'spring.devtools.add-properties' to 'false' to disable
[ INFO ] [restartedMain] [2024-02-01 12:38:09] org.springframework.boot.devtools.env.DevToolsPropertyDefaultsPostProcessor [252] - For additional web related logging consider setting the 'logging.level.web' property to 'DEBUG'
[ INFO ] [restartedMain] [2024-02-01 12:38:10] org.springframework.data.repository.config.RepositoryConfigurationDelegate [139] - Bootstrapping Spring Data JPA repositories in DEFAULT mode.
[ INFO ] [restartedMain] [2024-02-01 12:38:10] org.springframework.data.repository.config.RepositoryConfigurationDelegate [208] - Finished Spring Data repository scanning in 18 ms. Found 0 JPA repository interfaces.
[ INFO ] [restartedMain] [2024-02-01 12:38:11] org.springframework.boot.web.embedded.tomcat.TomcatWebServer [109] - Tomcat initialized with port 8080 (http)
[ INFO ] [restartedMain] [2024-02-01 12:38:11] org.apache.catalina.core.StandardService [173] - Starting service [Tomcat]
[ INFO ] [restartedMain] [2024-02-01 12:38:11] org.apache.catalina.core.StandardEngine [173] - Starting Servlet engine: [Apache Tomcat/10.1.18]
[ INFO ] [restartedMain] [2024-02-01 12:38:12] org.apache.catalina.core.ContainerBase.[Tomcat].[localhost].[/] [173] - Initializing Spring embedded WebApplicationContext
[ INFO ] [restartedMain] [2024-02-01 12:38:12] org.springframework.boot.web.servlet.context.ServletWebServerApplicationContext [296] - Root WebApplicationContext: initialization completed in 2675 ms
[ INFO ] [restartedMain] [2024-02-01 12:38:12] com.zaxxer.hikari.HikariDataSource [110] - HikariPool-1 - Starting...
[ INFO ] [restartedMain] [2024-02-01 12:38:12] com.zaxxer.hikari.pool.HikariPool [565] - HikariPool-1 - Added connection conn0: url=jdbc:h2:~/test user=ADMIN
[ INFO ] [restartedMain] [2024-02-01 12:38:12] com.zaxxer.hikari.HikariDataSource [123] - HikariPool-1 - Start completed.
[ INFO ] [restartedMain] [2024-02-01 12:38:12] org.springframework.boot.autoconfigure.h2.H2ConsoleAutoConfiguration [88] - H2 console available at '/h2-console'. Database available at 'jdbc:h2:~/test'
[ INFO ] [restartedMain] [2024-02-01 12:38:12] org.hibernate.jpa.internal.util.LogHelper [31] - HHH000204: Processing PersistenceUnitInfo [name: default]
[ INFO ] [restartedMain] [2024-02-01 12:38:12] org.hibernate.Version [44] - HHH000412: Hibernate ORM core version 6.4.1.Final
[ INFO ] [restartedMain] [2024-02-01 12:38:12] org.hibernate.cache.internal.RegionFactoryInitiator [50] - HHH000026: Second-level cache disabled
[ INFO ] [restartedMain] [2024-02-01 12:38:13] org.springframework.orm.jpa.persistenceunit.SpringPersistenceUnitInfo [87] - No LoadTimeWeaver setup: ignoring JPA class transformer
[ WARN ] [restartedMain] [2024-02-01 12:38:13] org.hibernate.orm.deprecation [153] - HHH90000025: H2Dialect does not need to be specified explicitly using 'hibernate.dialect' (remove the property setting and it will be selected by default)
[ INFO ] [restartedMain] [2024-02-01 12:38:14] org.hibernate.engine.transaction.jta.platform.internal.JtaPlatformInitiator [58] - HHH000489: No JTA platform available (set 'hibernate.transaction.jta.platform' to enable JTA platform integration)
[ INFO ] [restartedMain] [2024-02-01 12:38:14] org.springframework.orm.jpa.LocalContainerEntityManagerFactoryBean [437] - Initialized JPA EntityManagerFactory for persistence unit 'default'
[ WARN ] [restartedMain] [2024-02-01 12:38:14] org.springframework.boot.autoconfigure.orm.jpa.JpaBaseConfiguration$JpaWebConfiguration [232] - spring.jpa.open-in-view is enabled by default. Therefore, database queries may be performed during view rendering. Explicitly configure spring.jpa.open-in-view to disable this warning
[ INFO ] [restartedMain] [2024-02-01 12:38:16] org.springframework.boot.actuate.endpoint.web.EndpointLinksResolver [58] - Exposing 2 endpoint(s) beneath base path '/actuator'
[ INFO ] [restartedMain] [2024-02-01 12:38:17] org.springframework.security.web.DefaultSecurityFilterChain [54] - Will secure Or [Mvc [pattern='/**']] with [org.springframework.security.web.session.DisableEncodeUrlFilter@53a03474, org.springframework.security.web.context.request.async.WebAsyncManagerIntegrationFilter@624085f, org.springframework.security.web.context.SecurityContextHolderFilter@523e85d7, org.springframework.security.web.header.HeaderWriterFilter@20f998a9, org.springframework.security.web.authentication.logout.LogoutFilter@24654ef9, org.springframework.security.web.authentication.www.BasicAuthenticationFilter@ac50584, org.springframework.security.web.savedrequest.RequestCacheAwareFilter@97aaa9d, org.springframework.security.web.servletapi.SecurityContextHolderAwareRequestFilter@5580f759, org.springframework.security.web.authentication.AnonymousAuthenticationFilter@1b8cd739, org.springframework.security.web.session.SessionManagementFilter@7bb9ebb2, org.springframework.security.web.access.ExceptionTranslationFilter@602f6d8a, org.springframework.security.web.access.intercept.AuthorizationFilter@1bbd6268]
[ INFO ] [restartedMain] [2024-02-01 12:38:18] org.quartz.impl.StdSchedulerFactory [1220] - Using default implementation for ThreadExecutor
[ INFO ] [restartedMain] [2024-02-01 12:38:18] org.quartz.core.SchedulerSignalerImpl [61] - Initialized Scheduler Signaller of type: class org.quartz.core.SchedulerSignalerImpl
[ INFO ] [restartedMain] [2024-02-01 12:38:18] org.quartz.core.QuartzScheduler [229] - Quartz Scheduler v.2.3.2 created.
[ INFO ] [restartedMain] [2024-02-01 12:38:18] org.quartz.simpl.RAMJobStore [155] - RAMJobStore initialized.
[ INFO ] [restartedMain] [2024-02-01 12:38:18] org.quartz.core.QuartzScheduler [294] - Scheduler meta-data: Quartz Scheduler (v2.3.2) 'quartzScheduler' with instanceId 'NON_CLUSTERED'
  Scheduler class: 'org.quartz.core.QuartzScheduler' - running locally.
  NOT STARTED.
  Currently in standby mode.
  Number of jobs executed: 0
  Using thread pool 'org.quartz.simpl.SimpleThreadPool' - with 10 threads.
  Using job-store 'org.quartz.simpl.RAMJobStore' - which does not support persistence. and is not clustered.

[ INFO ] [restartedMain] [2024-02-01 12:38:18] org.quartz.impl.StdSchedulerFactory [1374] - Quartz scheduler 'quartzScheduler' initialized from an externally provided properties instance.
[ INFO ] [restartedMain] [2024-02-01 12:38:18] org.quartz.impl.StdSchedulerFactory [1378] - Quartz scheduler version: 2.3.2
[ INFO ] [restartedMain] [2024-02-01 12:38:18] org.quartz.core.QuartzScheduler [2293] - JobFactory set to: org.springframework.scheduling.quartz.SpringBeanJobFactory@3a457d21
[ INFO ] [restartedMain] [2024-02-01 12:38:18] org.springframework.boot.devtools.autoconfigure.OptionalLiveReloadServer [59] - LiveReload server is running on port 35729
[ INFO ] [restartedMain] [2024-02-01 12:38:18] org.springframework.boot.web.embedded.tomcat.TomcatWebServer [241] - Tomcat started on port 8080 (http) with context path ''
[ INFO ] [restartedMain] [2024-02-01 12:38:18] org.springframework.scheduling.quartz.SchedulerFactoryBean [729] - Starting Quartz Scheduler now
[ INFO ] [restartedMain] [2024-02-01 12:38:18] org.quartz.core.QuartzScheduler [547] - Scheduler quartzScheduler_$_NON_CLUSTERED started.
[ INFO ] [restartedMain] [2024-02-01 12:38:18] com.picpal.framework.BoilerplateApplication [56] - Started BoilerplateApplication in 9.96 seconds (process running for 11.361)
[ INFO ] [http-nio-8080-exec-1] [2024-02-01 12:38:24] org.apache.catalina.core.ContainerBase.[Tomcat].[localhost].[/] [173] - Initializing Spring DispatcherServlet 'dispatcherServlet'
[ INFO ] [http-nio-8080-exec-1] [2024-02-01 12:38:24] org.springframework.web.servlet.DispatcherServlet [532] - Initializing Servlet 'dispatcherServlet'
[ INFO ] [http-nio-8080-exec-1] [2024-02-01 12:38:24] org.springframework.web.servlet.DispatcherServlet [554] - Completed initialization in 1 ms
[ INFO ] [SpringApplicationShutdownHook] [2024-02-01 12:47:26] org.quartz.core.QuartzScheduler [585] - Scheduler quartzScheduler_$_NON_CLUSTERED paused.
[ INFO ] [SpringApplicationShutdownHook] [2024-02-01 12:47:26] org.springframework.scheduling.quartz.SchedulerFactoryBean [847] - Shutting down Quartz Scheduler
[ INFO ] [SpringApplicationShutdownHook] [2024-02-01 12:47:26] org.quartz.core.QuartzScheduler [666] - Scheduler quartzScheduler_$_NON_CLUSTERED shutting down.
[ INFO ] [SpringApplicationShutdownHook] [2024-02-01 12:47:26] org.quartz.core.QuartzScheduler [585] - Scheduler quartzScheduler_$_NON_CLUSTERED paused.
[ INFO ] [SpringApplicationShutdownHook] [2024-02-01 12:47:26] org.quartz.core.QuartzScheduler [740] - Scheduler quartzScheduler_$_NON_CLUSTERED shutdown complete.
[ INFO ] [SpringApplicationShutdownHook] [2024-02-01 12:47:26] org.springframework.orm.jpa.LocalContainerEntityManagerFactoryBean [650] - Closing JPA EntityManagerFactory for persistence unit 'default'
[ INFO ] [SpringApplicationShutdownHook] [2024-02-01 12:47:26] com.zaxxer.hikari.HikariDataSource [350] - HikariPool-1 - Shutdown initiated...
[ INFO ] [SpringApplicationShutdownHook] [2024-02-01 12:47:26] com.zaxxer.hikari.HikariDataSource [352] - HikariPool-1 - Shutdown completed.
[ INFO ] [restartedMain] [2024-02-01 12:48:48] com.picpal.framework.BoilerplateApplication [50] - Starting BoilerplateApplication using Java 17.0.8 with PID 14324 (C:\Users\bwc\Desktop\picpal\boilerplate-back\build\classes\java\main started by bwc in C:\Users\bwc\Desktop\picpal\boilerplate-back)
[ INFO ] [restartedMain] [2024-02-01 12:48:48] com.picpal.framework.BoilerplateApplication [660] - The following 1 profile is active: "local"
[ INFO ] [restartedMain] [2024-02-01 12:48:48] org.springframework.boot.devtools.env.DevToolsPropertyDefaultsPostProcessor [252] - Devtools property defaults active! Set 'spring.devtools.add-properties' to 'false' to disable
[ INFO ] [restartedMain] [2024-02-01 12:48:48] org.springframework.boot.devtools.env.DevToolsPropertyDefaultsPostProcessor [252] - For additional web related logging consider setting the 'logging.level.web' property to 'DEBUG'
[ INFO ] [restartedMain] [2024-02-01 12:48:50] org.springframework.data.repository.config.RepositoryConfigurationDelegate [139] - Bootstrapping Spring Data JPA repositories in DEFAULT mode.
[ INFO ] [restartedMain] [2024-02-01 12:48:50] org.springframework.data.repository.config.RepositoryConfigurationDelegate [208] - Finished Spring Data repository scanning in 18 ms. Found 0 JPA repository interfaces.
[ INFO ] [restartedMain] [2024-02-01 12:48:51] org.springframework.boot.web.embedded.tomcat.TomcatWebServer [109] - Tomcat initialized with port 8080 (http)
[ INFO ] [restartedMain] [2024-02-01 12:48:51] org.apache.catalina.core.StandardService [173] - Starting service [Tomcat]
[ INFO ] [restartedMain] [2024-02-01 12:48:51] org.apache.catalina.core.StandardEngine [173] - Starting Servlet engine: [Apache Tomcat/10.1.18]
[ INFO ] [restartedMain] [2024-02-01 12:48:51] org.apache.catalina.core.ContainerBase.[Tomcat].[localhost].[/] [173] - Initializing Spring embedded WebApplicationContext
[ INFO ] [restartedMain] [2024-02-01 12:48:51] org.springframework.boot.web.servlet.context.ServletWebServerApplicationContext [296] - Root WebApplicationContext: initialization completed in 2581 ms
[ INFO ] [restartedMain] [2024-02-01 12:48:51] com.zaxxer.hikari.HikariDataSource [110] - HikariPool-1 - Starting...
[ INFO ] [restartedMain] [2024-02-01 12:48:51] com.zaxxer.hikari.pool.HikariPool [565] - HikariPool-1 - Added connection conn0: url=jdbc:h2:~/test user=ADMIN
[ INFO ] [restartedMain] [2024-02-01 12:48:51] com.zaxxer.hikari.HikariDataSource [123] - HikariPool-1 - Start completed.
[ INFO ] [restartedMain] [2024-02-01 12:48:52] org.springframework.boot.autoconfigure.h2.H2ConsoleAutoConfiguration [88] - H2 console available at '/h2-console'. Database available at 'jdbc:h2:~/test'
[ INFO ] [restartedMain] [2024-02-01 12:48:52] org.hibernate.jpa.internal.util.LogHelper [31] - HHH000204: Processing PersistenceUnitInfo [name: default]
[ INFO ] [restartedMain] [2024-02-01 12:48:52] org.hibernate.Version [44] - HHH000412: Hibernate ORM core version 6.4.1.Final
[ INFO ] [restartedMain] [2024-02-01 12:48:52] org.hibernate.cache.internal.RegionFactoryInitiator [50] - HHH000026: Second-level cache disabled
[ INFO ] [restartedMain] [2024-02-01 12:48:52] org.springframework.orm.jpa.persistenceunit.SpringPersistenceUnitInfo [87] - No LoadTimeWeaver setup: ignoring JPA class transformer
[ WARN ] [restartedMain] [2024-02-01 12:48:52] org.hibernate.orm.deprecation [153] - HHH90000025: H2Dialect does not need to be specified explicitly using 'hibernate.dialect' (remove the property setting and it will be selected by default)
[ INFO ] [restartedMain] [2024-02-01 12:48:53] org.hibernate.engine.transaction.jta.platform.internal.JtaPlatformInitiator [58] - HHH000489: No JTA platform available (set 'hibernate.transaction.jta.platform' to enable JTA platform integration)
[ INFO ] [restartedMain] [2024-02-01 12:48:54] org.springframework.orm.jpa.LocalContainerEntityManagerFactoryBean [437] - Initialized JPA EntityManagerFactory for persistence unit 'default'
[ WARN ] [restartedMain] [2024-02-01 12:48:54] org.springframework.boot.autoconfigure.orm.jpa.JpaBaseConfiguration$JpaWebConfiguration [232] - spring.jpa.open-in-view is enabled by default. Therefore, database queries may be performed during view rendering. Explicitly configure spring.jpa.open-in-view to disable this warning
[ INFO ] [restartedMain] [2024-02-01 12:48:55] org.springframework.boot.actuate.endpoint.web.EndpointLinksResolver [58] - Exposing 2 endpoint(s) beneath base path '/actuator'
[ INFO ] [restartedMain] [2024-02-01 12:48:55] org.springframework.security.web.DefaultSecurityFilterChain [54] - Will secure Or [Mvc [pattern='/**']] with [org.springframework.security.web.session.DisableEncodeUrlFilter@442b2135, org.springframework.security.web.context.request.async.WebAsyncManagerIntegrationFilter@80a3e2a, org.springframework.security.web.context.SecurityContextHolderFilter@131e086b, org.springframework.security.web.header.HeaderWriterFilter@6ee49f59, org.springframework.security.web.authentication.logout.LogoutFilter@183353fa, org.springframework.security.web.authentication.www.BasicAuthenticationFilter@594edad3, org.springframework.security.web.savedrequest.RequestCacheAwareFilter@5767c199, org.springframework.security.web.servletapi.SecurityContextHolderAwareRequestFilter@8a904a5, org.springframework.security.web.authentication.AnonymousAuthenticationFilter@27c947a5, org.springframework.security.web.session.SessionManagementFilter@51d60cda, org.springframework.security.web.access.ExceptionTranslationFilter@6190b543, org.springframework.security.web.access.intercept.AuthorizationFilter@32085286]
[ INFO ] [restartedMain] [2024-02-01 12:48:56] org.quartz.impl.StdSchedulerFactory [1220] - Using default implementation for ThreadExecutor
[ INFO ] [restartedMain] [2024-02-01 12:48:56] org.quartz.core.SchedulerSignalerImpl [61] - Initialized Scheduler Signaller of type: class org.quartz.core.SchedulerSignalerImpl
[ INFO ] [restartedMain] [2024-02-01 12:48:56] org.quartz.core.QuartzScheduler [229] - Quartz Scheduler v.2.3.2 created.
[ INFO ] [restartedMain] [2024-02-01 12:48:56] org.quartz.simpl.RAMJobStore [155] - RAMJobStore initialized.
[ INFO ] [restartedMain] [2024-02-01 12:48:56] org.quartz.core.QuartzScheduler [294] - Scheduler meta-data: Quartz Scheduler (v2.3.2) 'quartzScheduler' with instanceId 'NON_CLUSTERED'
  Scheduler class: 'org.quartz.core.QuartzScheduler' - running locally.
  NOT STARTED.
  Currently in standby mode.
  Number of jobs executed: 0
  Using thread pool 'org.quartz.simpl.SimpleThreadPool' - with 10 threads.
  Using job-store 'org.quartz.simpl.RAMJobStore' - which does not support persistence. and is not clustered.

[ INFO ] [restartedMain] [2024-02-01 12:48:56] org.quartz.impl.StdSchedulerFactory [1374] - Quartz scheduler 'quartzScheduler' initialized from an externally provided properties instance.
[ INFO ] [restartedMain] [2024-02-01 12:48:56] org.quartz.impl.StdSchedulerFactory [1378] - Quartz scheduler version: 2.3.2
[ INFO ] [restartedMain] [2024-02-01 12:48:56] org.quartz.core.QuartzScheduler [2293] - JobFactory set to: org.springframework.scheduling.quartz.SpringBeanJobFactory@38f2d56d
[ INFO ] [restartedMain] [2024-02-01 12:48:56] org.springframework.boot.devtools.autoconfigure.OptionalLiveReloadServer [59] - LiveReload server is running on port 35729
[ INFO ] [restartedMain] [2024-02-01 12:48:56] org.springframework.boot.web.embedded.tomcat.TomcatWebServer [241] - Tomcat started on port 8080 (http) with context path ''
[ INFO ] [restartedMain] [2024-02-01 12:48:56] org.springframework.scheduling.quartz.SchedulerFactoryBean [729] - Starting Quartz Scheduler now
[ INFO ] [restartedMain] [2024-02-01 12:48:56] org.quartz.core.QuartzScheduler [547] - Scheduler quartzScheduler_$_NON_CLUSTERED started.
[ INFO ] [restartedMain] [2024-02-01 12:48:56] com.picpal.framework.BoilerplateApplication [56] - Started BoilerplateApplication in 8.382 seconds (process running for 9.77)
[ INFO ] [SpringApplicationShutdownHook] [2024-02-01 12:53:36] org.quartz.core.QuartzScheduler [585] - Scheduler quartzScheduler_$_NON_CLUSTERED paused.
[ INFO ] [SpringApplicationShutdownHook] [2024-02-01 12:53:36] org.springframework.scheduling.quartz.SchedulerFactoryBean [847] - Shutting down Quartz Scheduler
[ INFO ] [SpringApplicationShutdownHook] [2024-02-01 12:53:36] org.quartz.core.QuartzScheduler [666] - Scheduler quartzScheduler_$_NON_CLUSTERED shutting down.
[ INFO ] [SpringApplicationShutdownHook] [2024-02-01 12:53:36] org.quartz.core.QuartzScheduler [585] - Scheduler quartzScheduler_$_NON_CLUSTERED paused.
[ INFO ] [SpringApplicationShutdownHook] [2024-02-01 12:53:36] org.quartz.core.QuartzScheduler [740] - Scheduler quartzScheduler_$_NON_CLUSTERED shutdown complete.
[ INFO ] [SpringApplicationShutdownHook] [2024-02-01 12:53:36] org.springframework.orm.jpa.LocalContainerEntityManagerFactoryBean [650] - Closing JPA EntityManagerFactory for persistence unit 'default'
[ INFO ] [SpringApplicationShutdownHook] [2024-02-01 12:53:36] com.zaxxer.hikari.HikariDataSource [350] - HikariPool-1 - Shutdown initiated...
[ INFO ] [SpringApplicationShutdownHook] [2024-02-01 12:53:36] com.zaxxer.hikari.HikariDataSource [352] - HikariPool-1 - Shutdown completed.
[ INFO ] [restartedMain] [2024-02-01 12:53:42] com.picpal.framework.BoilerplateApplication [50] - Starting BoilerplateApplication using Java 17.0.8 with PID 11336 (C:\Users\bwc\Desktop\picpal\boilerplate-back\build\classes\java\main started by bwc in C:\Users\bwc\Desktop\picpal\boilerplate-back)
[ INFO ] [restartedMain] [2024-02-01 12:53:42] com.picpal.framework.BoilerplateApplication [660] - The following 1 profile is active: "local"
[ INFO ] [restartedMain] [2024-02-01 12:53:43] org.springframework.boot.devtools.env.DevToolsPropertyDefaultsPostProcessor [252] - Devtools property defaults active! Set 'spring.devtools.add-properties' to 'false' to disable
[ INFO ] [restartedMain] [2024-02-01 12:53:43] org.springframework.boot.devtools.env.DevToolsPropertyDefaultsPostProcessor [252] - For additional web related logging consider setting the 'logging.level.web' property to 'DEBUG'
[ INFO ] [restartedMain] [2024-02-01 12:53:44] org.springframework.data.repository.config.RepositoryConfigurationDelegate [139] - Bootstrapping Spring Data JPA repositories in DEFAULT mode.
[ INFO ] [restartedMain] [2024-02-01 12:53:44] org.springframework.data.repository.config.RepositoryConfigurationDelegate [208] - Finished Spring Data repository scanning in 19 ms. Found 0 JPA repository interfaces.
[ INFO ] [restartedMain] [2024-02-01 12:53:45] org.springframework.boot.web.embedded.tomcat.TomcatWebServer [109] - Tomcat initialized with port 8080 (http)
[ INFO ] [restartedMain] [2024-02-01 12:53:45] org.apache.catalina.core.StandardService [173] - Starting service [Tomcat]
[ INFO ] [restartedMain] [2024-02-01 12:53:45] org.apache.catalina.core.StandardEngine [173] - Starting Servlet engine: [Apache Tomcat/10.1.18]
[ INFO ] [restartedMain] [2024-02-01 12:53:45] org.apache.catalina.core.ContainerBase.[Tomcat].[localhost].[/] [173] - Initializing Spring embedded WebApplicationContext
[ INFO ] [restartedMain] [2024-02-01 12:53:45] org.springframework.boot.web.servlet.context.ServletWebServerApplicationContext [296] - Root WebApplicationContext: initialization completed in 2510 ms
[ INFO ] [restartedMain] [2024-02-01 12:53:45] com.zaxxer.hikari.HikariDataSource [110] - HikariPool-1 - Starting...
[ INFO ] [restartedMain] [2024-02-01 12:53:46] com.zaxxer.hikari.pool.HikariPool [565] - HikariPool-1 - Added connection conn0: url=jdbc:h2:~/test user=ADMIN
[ INFO ] [restartedMain] [2024-02-01 12:53:46] com.zaxxer.hikari.HikariDataSource [123] - HikariPool-1 - Start completed.
[ INFO ] [restartedMain] [2024-02-01 12:53:46] org.springframework.boot.autoconfigure.h2.H2ConsoleAutoConfiguration [88] - H2 console available at '/h2-console'. Database available at 'jdbc:h2:~/test'
[ INFO ] [restartedMain] [2024-02-01 12:53:46] org.hibernate.jpa.internal.util.LogHelper [31] - HHH000204: Processing PersistenceUnitInfo [name: default]
[ INFO ] [restartedMain] [2024-02-01 12:53:46] org.hibernate.Version [44] - HHH000412: Hibernate ORM core version 6.4.1.Final
[ INFO ] [restartedMain] [2024-02-01 12:53:46] org.hibernate.cache.internal.RegionFactoryInitiator [50] - HHH000026: Second-level cache disabled
[ INFO ] [restartedMain] [2024-02-01 12:53:46] org.springframework.orm.jpa.persistenceunit.SpringPersistenceUnitInfo [87] - No LoadTimeWeaver setup: ignoring JPA class transformer
[ WARN ] [restartedMain] [2024-02-01 12:53:46] org.hibernate.orm.deprecation [153] - HHH90000025: H2Dialect does not need to be specified explicitly using 'hibernate.dialect' (remove the property setting and it will be selected by default)
[ INFO ] [restartedMain] [2024-02-01 12:53:48] org.hibernate.engine.transaction.jta.platform.internal.JtaPlatformInitiator [58] - HHH000489: No JTA platform available (set 'hibernate.transaction.jta.platform' to enable JTA platform integration)
[ INFO ] [restartedMain] [2024-02-01 12:53:48] org.springframework.orm.jpa.LocalContainerEntityManagerFactoryBean [437] - Initialized JPA EntityManagerFactory for persistence unit 'default'
[ WARN ] [restartedMain] [2024-02-01 12:53:49] org.springframework.boot.autoconfigure.orm.jpa.JpaBaseConfiguration$JpaWebConfiguration [232] - spring.jpa.open-in-view is enabled by default. Therefore, database queries may be performed during view rendering. Explicitly configure spring.jpa.open-in-view to disable this warning
[ INFO ] [restartedMain] [2024-02-01 12:53:50] org.springframework.boot.actuate.endpoint.web.EndpointLinksResolver [58] - Exposing 2 endpoint(s) beneath base path '/actuator'
[ INFO ] [restartedMain] [2024-02-01 12:53:50] org.springframework.security.web.DefaultSecurityFilterChain [54] - Will secure Or [Mvc [pattern='/**']] with [org.springframework.security.web.session.DisableEncodeUrlFilter@3f8529be, org.springframework.security.web.context.request.async.WebAsyncManagerIntegrationFilter@5cedc452, org.springframework.security.web.context.SecurityContextHolderFilter@314a295f, org.springframework.security.web.header.HeaderWriterFilter@20151fb2, org.springframework.security.web.authentication.logout.LogoutFilter@2d87f19b, org.springframework.security.web.authentication.www.BasicAuthenticationFilter@3ee1f475, org.springframework.security.web.savedrequest.RequestCacheAwareFilter@169590c4, org.springframework.security.web.servletapi.SecurityContextHolderAwareRequestFilter@ac50584, org.springframework.security.web.authentication.AnonymousAuthenticationFilter@76e8a9c, org.springframework.security.web.session.SessionManagementFilter@106a56c7, org.springframework.security.web.access.ExceptionTranslationFilter@57e3403f, org.springframework.security.web.access.intercept.AuthorizationFilter@49cd6965]
[ INFO ] [restartedMain] [2024-02-01 12:53:51] org.quartz.impl.StdSchedulerFactory [1220] - Using default implementation for ThreadExecutor
[ INFO ] [restartedMain] [2024-02-01 12:53:51] org.quartz.core.SchedulerSignalerImpl [61] - Initialized Scheduler Signaller of type: class org.quartz.core.SchedulerSignalerImpl
[ INFO ] [restartedMain] [2024-02-01 12:53:51] org.quartz.core.QuartzScheduler [229] - Quartz Scheduler v.2.3.2 created.
[ INFO ] [restartedMain] [2024-02-01 12:53:51] org.quartz.simpl.RAMJobStore [155] - RAMJobStore initialized.
[ INFO ] [restartedMain] [2024-02-01 12:53:51] org.quartz.core.QuartzScheduler [294] - Scheduler meta-data: Quartz Scheduler (v2.3.2) 'quartzScheduler' with instanceId 'NON_CLUSTERED'
  Scheduler class: 'org.quartz.core.QuartzScheduler' - running locally.
  NOT STARTED.
  Currently in standby mode.
  Number of jobs executed: 0
  Using thread pool 'org.quartz.simpl.SimpleThreadPool' - with 10 threads.
  Using job-store 'org.quartz.simpl.RAMJobStore' - which does not support persistence. and is not clustered.

[ INFO ] [restartedMain] [2024-02-01 12:53:51] org.quartz.impl.StdSchedulerFactory [1374] - Quartz scheduler 'quartzScheduler' initialized from an externally provided properties instance.
[ INFO ] [restartedMain] [2024-02-01 12:53:51] org.quartz.impl.StdSchedulerFactory [1378] - Quartz scheduler version: 2.3.2
[ INFO ] [restartedMain] [2024-02-01 12:53:51] org.quartz.core.QuartzScheduler [2293] - JobFactory set to: org.springframework.scheduling.quartz.SpringBeanJobFactory@2b7a926a
[ INFO ] [restartedMain] [2024-02-01 12:53:51] org.springframework.boot.devtools.autoconfigure.OptionalLiveReloadServer [59] - LiveReload server is running on port 35729
[ INFO ] [restartedMain] [2024-02-01 12:53:51] org.springframework.boot.web.embedded.tomcat.TomcatWebServer [241] - Tomcat started on port 8080 (http) with context path ''
[ INFO ] [restartedMain] [2024-02-01 12:53:51] org.springframework.scheduling.quartz.SchedulerFactoryBean [729] - Starting Quartz Scheduler now
[ INFO ] [restartedMain] [2024-02-01 12:53:51] org.quartz.core.QuartzScheduler [547] - Scheduler quartzScheduler_$_NON_CLUSTERED started.
[ INFO ] [restartedMain] [2024-02-01 12:53:51] com.picpal.framework.BoilerplateApplication [56] - Started BoilerplateApplication in 9.247 seconds (process running for 10.69)
[ INFO ] [SpringApplicationShutdownHook] [2024-02-01 13:03:27] org.quartz.core.QuartzScheduler [585] - Scheduler quartzScheduler_$_NON_CLUSTERED paused.
[ INFO ] [SpringApplicationShutdownHook] [2024-02-01 13:03:27] org.springframework.scheduling.quartz.SchedulerFactoryBean [847] - Shutting down Quartz Scheduler
[ INFO ] [SpringApplicationShutdownHook] [2024-02-01 13:03:27] org.quartz.core.QuartzScheduler [666] - Scheduler quartzScheduler_$_NON_CLUSTERED shutting down.
[ INFO ] [SpringApplicationShutdownHook] [2024-02-01 13:03:27] org.quartz.core.QuartzScheduler [585] - Scheduler quartzScheduler_$_NON_CLUSTERED paused.
[ INFO ] [SpringApplicationShutdownHook] [2024-02-01 13:03:27] org.quartz.core.QuartzScheduler [740] - Scheduler quartzScheduler_$_NON_CLUSTERED shutdown complete.
[ INFO ] [SpringApplicationShutdownHook] [2024-02-01 13:03:27] org.springframework.orm.jpa.LocalContainerEntityManagerFactoryBean [650] - Closing JPA EntityManagerFactory for persistence unit 'default'
[ INFO ] [SpringApplicationShutdownHook] [2024-02-01 13:03:27] com.zaxxer.hikari.HikariDataSource [350] - HikariPool-1 - Shutdown initiated...
[ INFO ] [SpringApplicationShutdownHook] [2024-02-01 13:03:27] com.zaxxer.hikari.HikariDataSource [352] - HikariPool-1 - Shutdown completed.
[ INFO ] [restartedMain] [2024-02-01 13:03:33] com.picpal.framework.BoilerplateApplication [50] - Starting BoilerplateApplication using Java 17.0.8 with PID 15156 (C:\Users\bwc\Desktop\picpal\boilerplate-back\build\classes\java\main started by bwc in C:\Users\bwc\Desktop\picpal\boilerplate-back)
[ INFO ] [restartedMain] [2024-02-01 13:03:33] com.picpal.framework.BoilerplateApplication [660] - The following 1 profile is active: "local"
[ INFO ] [restartedMain] [2024-02-01 13:03:33] org.springframework.boot.devtools.env.DevToolsPropertyDefaultsPostProcessor [252] - Devtools property defaults active! Set 'spring.devtools.add-properties' to 'false' to disable
[ INFO ] [restartedMain] [2024-02-01 13:03:33] org.springframework.boot.devtools.env.DevToolsPropertyDefaultsPostProcessor [252] - For additional web related logging consider setting the 'logging.level.web' property to 'DEBUG'
[ INFO ] [restartedMain] [2024-02-01 13:03:35] org.springframework.data.repository.config.RepositoryConfigurationDelegate [139] - Bootstrapping Spring Data JPA repositories in DEFAULT mode.
[ INFO ] [restartedMain] [2024-02-01 13:03:35] org.springframework.data.repository.config.RepositoryConfigurationDelegate [208] - Finished Spring Data repository scanning in 18 ms. Found 0 JPA repository interfaces.
[ INFO ] [restartedMain] [2024-02-01 13:03:36] org.springframework.boot.web.embedded.tomcat.TomcatWebServer [109] - Tomcat initialized with port 8080 (http)
[ INFO ] [restartedMain] [2024-02-01 13:03:36] org.apache.catalina.core.StandardService [173] - Starting service [Tomcat]
[ INFO ] [restartedMain] [2024-02-01 13:03:36] org.apache.catalina.core.StandardEngine [173] - Starting Servlet engine: [Apache Tomcat/10.1.18]
[ INFO ] [restartedMain] [2024-02-01 13:03:36] org.apache.catalina.core.ContainerBase.[Tomcat].[localhost].[/] [173] - Initializing Spring embedded WebApplicationContext
[ INFO ] [restartedMain] [2024-02-01 13:03:36] org.springframework.boot.web.servlet.context.ServletWebServerApplicationContext [296] - Root WebApplicationContext: initialization completed in 2672 ms
[ INFO ] [restartedMain] [2024-02-01 13:03:36] com.zaxxer.hikari.HikariDataSource [110] - HikariPool-1 - Starting...
[ INFO ] [restartedMain] [2024-02-01 13:03:36] com.zaxxer.hikari.pool.HikariPool [565] - HikariPool-1 - Added connection conn0: url=jdbc:h2:~/test user=ADMIN
[ INFO ] [restartedMain] [2024-02-01 13:03:36] com.zaxxer.hikari.HikariDataSource [123] - HikariPool-1 - Start completed.
[ INFO ] [restartedMain] [2024-02-01 13:03:36] org.springframework.boot.autoconfigure.h2.H2ConsoleAutoConfiguration [88] - H2 console available at '/h2-console'. Database available at 'jdbc:h2:~/test'
[ INFO ] [restartedMain] [2024-02-01 13:03:36] org.hibernate.jpa.internal.util.LogHelper [31] - HHH000204: Processing PersistenceUnitInfo [name: default]
[ INFO ] [restartedMain] [2024-02-01 13:03:37] org.hibernate.Version [44] - HHH000412: Hibernate ORM core version 6.4.1.Final
[ INFO ] [restartedMain] [2024-02-01 13:03:37] org.hibernate.cache.internal.RegionFactoryInitiator [50] - HHH000026: Second-level cache disabled
[ INFO ] [restartedMain] [2024-02-01 13:03:37] org.springframework.orm.jpa.persistenceunit.SpringPersistenceUnitInfo [87] - No LoadTimeWeaver setup: ignoring JPA class transformer
[ WARN ] [restartedMain] [2024-02-01 13:03:37] org.hibernate.orm.deprecation [153] - HHH90000025: H2Dialect does not need to be specified explicitly using 'hibernate.dialect' (remove the property setting and it will be selected by default)
[ INFO ] [restartedMain] [2024-02-01 13:03:38] org.hibernate.engine.transaction.jta.platform.internal.JtaPlatformInitiator [58] - HHH000489: No JTA platform available (set 'hibernate.transaction.jta.platform' to enable JTA platform integration)
[ INFO ] [restartedMain] [2024-02-01 13:03:38] org.springframework.orm.jpa.LocalContainerEntityManagerFactoryBean [437] - Initialized JPA EntityManagerFactory for persistence unit 'default'
[ WARN ] [restartedMain] [2024-02-01 13:03:38] org.springframework.boot.autoconfigure.orm.jpa.JpaBaseConfiguration$JpaWebConfiguration [232] - spring.jpa.open-in-view is enabled by default. Therefore, database queries may be performed during view rendering. Explicitly configure spring.jpa.open-in-view to disable this warning
[ INFO ] [restartedMain] [2024-02-01 13:03:40] org.springframework.boot.actuate.endpoint.web.EndpointLinksResolver [58] - Exposing 2 endpoint(s) beneath base path '/actuator'
[ INFO ] [restartedMain] [2024-02-01 13:03:40] org.springframework.security.web.DefaultSecurityFilterChain [54] - Will secure Or [Mvc [pattern='/**']] with [org.springframework.security.web.session.DisableEncodeUrlFilter@200b53ef, org.springframework.security.web.context.request.async.WebAsyncManagerIntegrationFilter@71a830eb, org.springframework.security.web.context.SecurityContextHolderFilter@35fe3e16, org.springframework.security.web.header.HeaderWriterFilter@76f54f94, org.springframework.security.web.authentication.logout.LogoutFilter@296301aa, org.springframework.security.web.authentication.www.BasicAuthenticationFilter@309f3e7f, org.springframework.security.web.savedrequest.RequestCacheAwareFilter@786d8014, org.springframework.security.web.servletapi.SecurityContextHolderAwareRequestFilter@5ec68849, org.springframework.security.web.authentication.AnonymousAuthenticationFilter@55df2dd0, org.springframework.security.web.session.SessionManagementFilter@24e73a58, org.springframework.security.web.access.ExceptionTranslationFilter@6ea80252, org.springframework.security.web.access.intercept.AuthorizationFilter@3f8529be]
[ INFO ] [restartedMain] [2024-02-01 13:03:40] org.quartz.impl.StdSchedulerFactory [1220] - Using default implementation for ThreadExecutor
[ INFO ] [restartedMain] [2024-02-01 13:03:40] org.quartz.core.SchedulerSignalerImpl [61] - Initialized Scheduler Signaller of type: class org.quartz.core.SchedulerSignalerImpl
[ INFO ] [restartedMain] [2024-02-01 13:03:40] org.quartz.core.QuartzScheduler [229] - Quartz Scheduler v.2.3.2 created.
[ INFO ] [restartedMain] [2024-02-01 13:03:40] org.quartz.simpl.RAMJobStore [155] - RAMJobStore initialized.
[ INFO ] [restartedMain] [2024-02-01 13:03:40] org.quartz.core.QuartzScheduler [294] - Scheduler meta-data: Quartz Scheduler (v2.3.2) 'quartzScheduler' with instanceId 'NON_CLUSTERED'
  Scheduler class: 'org.quartz.core.QuartzScheduler' - running locally.
  NOT STARTED.
  Currently in standby mode.
  Number of jobs executed: 0
  Using thread pool 'org.quartz.simpl.SimpleThreadPool' - with 10 threads.
  Using job-store 'org.quartz.simpl.RAMJobStore' - which does not support persistence. and is not clustered.

[ INFO ] [restartedMain] [2024-02-01 13:03:40] org.quartz.impl.StdSchedulerFactory [1374] - Quartz scheduler 'quartzScheduler' initialized from an externally provided properties instance.
[ INFO ] [restartedMain] [2024-02-01 13:03:40] org.quartz.impl.StdSchedulerFactory [1378] - Quartz scheduler version: 2.3.2
[ INFO ] [restartedMain] [2024-02-01 13:03:40] org.quartz.core.QuartzScheduler [2293] - JobFactory set to: org.springframework.scheduling.quartz.SpringBeanJobFactory@23c8e6d4
[ INFO ] [restartedMain] [2024-02-01 13:03:41] org.springframework.boot.devtools.autoconfigure.OptionalLiveReloadServer [59] - LiveReload server is running on port 35729
[ INFO ] [restartedMain] [2024-02-01 13:03:41] org.springframework.boot.web.embedded.tomcat.TomcatWebServer [241] - Tomcat started on port 8080 (http) with context path ''
[ INFO ] [restartedMain] [2024-02-01 13:03:41] org.springframework.scheduling.quartz.SchedulerFactoryBean [729] - Starting Quartz Scheduler now
[ INFO ] [restartedMain] [2024-02-01 13:03:41] org.quartz.core.QuartzScheduler [547] - Scheduler quartzScheduler_$_NON_CLUSTERED started.
[ INFO ] [restartedMain] [2024-02-01 13:03:41] com.picpal.framework.BoilerplateApplication [56] - Started BoilerplateApplication in 8.491 seconds (process running for 9.923)
