[ INFO ] [Test worker] [2024-02-15 12:50:01] org.springframework.test.context.support.AnnotationConfigContextLoaderUtils [83] - Could not detect default configuration classes for test class [com.picpal.framework.BoilerplateApplicationTest]: BoilerplateApplicationTest does not declare any static, non-private, non-final, nested classes annotated with @Configuration.
[ INFO ] [Test worker] [2024-02-15 12:50:01] org.springframework.boot.test.context.SpringBootTestContextBootstrapper [234] - Found @SpringBootConfiguration com.picpal.framework.BoilerplateApplication for test class com.picpal.framework.BoilerplateApplicationTest
[ INFO ] [restartedMain] [2024-02-15 12:51:09] com.picpal.framework.BoilerplateApplication [50] - Starting BoilerplateApplication using Java 17.0.8 with PID 12320 (C:\Users\bwc\Desktop\picpal\boilerplate-back\build\classes\java\main started by bwc in C:\Users\bwc\Desktop\picpal\boilerplate-back)
[ INFO ] [restartedMain] [2024-02-15 12:51:09] com.picpal.framework.BoilerplateApplication [660] - The following 1 profile is active: "local"
[ INFO ] [restartedMain] [2024-02-15 12:51:09] org.springframework.boot.devtools.env.DevToolsPropertyDefaultsPostProcessor [252] - Devtools property defaults active! Set 'spring.devtools.add-properties' to 'false' to disable
[ INFO ] [restartedMain] [2024-02-15 12:51:09] org.springframework.boot.devtools.env.DevToolsPropertyDefaultsPostProcessor [252] - For additional web related logging consider setting the 'logging.level.web' property to 'DEBUG'
[ INFO ] [restartedMain] [2024-02-15 12:51:11] org.springframework.data.repository.config.RepositoryConfigurationDelegate [139] - Bootstrapping Spring Data JPA repositories in DEFAULT mode.
[ INFO ] [restartedMain] [2024-02-15 12:51:11] org.springframework.data.repository.config.RepositoryConfigurationDelegate [208] - Finished Spring Data repository scanning in 77 ms. Found 1 JPA repository interface.
[ INFO ] [restartedMain] [2024-02-15 12:51:11] c.u.jasyptspringboot.configuration.EnableEncryptablePropertiesBeanFactoryPostProcessor [40] - Post-processing PropertySource instances
[ INFO ] [restartedMain] [2024-02-15 12:51:11] com.ulisesbocchio.jasyptspringboot.EncryptablePropertySourceConverter [76] - Skipping PropertySource configurationProperties [class org.springframework.boot.context.properties.source.ConfigurationPropertySourcesPropertySource
[ INFO ] [restartedMain] [2024-02-15 12:51:11] com.ulisesbocchio.jasyptspringboot.EncryptablePropertySourceConverter [76] - Skipping PropertySource servletConfigInitParams [class org.springframework.core.env.PropertySource$StubPropertySource
[ INFO ] [restartedMain] [2024-02-15 12:51:11] com.ulisesbocchio.jasyptspringboot.EncryptablePropertySourceConverter [76] - Skipping PropertySource servletContextInitParams [class org.springframework.core.env.PropertySource$StubPropertySource
[ INFO ] [restartedMain] [2024-02-15 12:51:11] com.ulisesbocchio.jasyptspringboot.EncryptablePropertySourceConverter [81] - Converting PropertySource systemProperties [org.springframework.core.env.PropertiesPropertySource] to EncryptableMapPropertySourceWrapper
[ INFO ] [restartedMain] [2024-02-15 12:51:11] com.ulisesbocchio.jasyptspringboot.EncryptablePropertySourceConverter [81] - Converting PropertySource systemEnvironment [org.springframework.boot.env.SystemEnvironmentPropertySourceEnvironmentPostProcessor$OriginAwareSystemEnvironmentPropertySource] to EncryptableSystemEnvironmentPropertySourceWrapper
[ INFO ] [restartedMain] [2024-02-15 12:51:11] com.ulisesbocchio.jasyptspringboot.EncryptablePropertySourceConverter [81] - Converting PropertySource random [org.springframework.boot.env.RandomValuePropertySource] to EncryptablePropertySourceWrapper
[ INFO ] [restartedMain] [2024-02-15 12:51:11] com.ulisesbocchio.jasyptspringboot.EncryptablePropertySourceConverter [81] - Converting PropertySource Config resource 'class path resource [application-local.yml]' via location 'optional:classpath:/' [org.springframework.boot.env.OriginTrackedMapPropertySource] to EncryptableMapPropertySourceWrapper
[ INFO ] [restartedMain] [2024-02-15 12:51:11] com.ulisesbocchio.jasyptspringboot.EncryptablePropertySourceConverter [81] - Converting PropertySource Config resource 'class path resource [application.yml]' via location 'optional:classpath:/' [org.springframework.boot.env.OriginTrackedMapPropertySource] to EncryptableMapPropertySourceWrapper
[ INFO ] [restartedMain] [2024-02-15 12:51:11] com.ulisesbocchio.jasyptspringboot.EncryptablePropertySourceConverter [81] - Converting PropertySource devtools [org.springframework.core.env.MapPropertySource] to EncryptableMapPropertySourceWrapper
[ INFO ] [restartedMain] [2024-02-15 12:51:12] com.ulisesbocchio.jasyptspringboot.filter.DefaultLazyPropertyFilter [31] - Property Filter custom Bean not found with name 'encryptablePropertyFilter'. Initializing Default Property Filter
[ INFO ] [restartedMain] [2024-02-15 12:51:12] com.ulisesbocchio.jasyptspringboot.resolver.DefaultLazyPropertyResolver [35] - Property Resolver custom Bean not found with name 'encryptablePropertyResolver'. Initializing Default Property Resolver
[ INFO ] [restartedMain] [2024-02-15 12:51:12] com.ulisesbocchio.jasyptspringboot.detector.DefaultLazyPropertyDetector [35] - Property Detector custom Bean not found with name 'encryptablePropertyDetector'. Initializing Default Property Detector
[ INFO ] [restartedMain] [2024-02-15 12:51:12] org.springframework.boot.web.embedded.tomcat.TomcatWebServer [109] - Tomcat initialized with port 8080 (http)
[ INFO ] [restartedMain] [2024-02-15 12:51:12] org.apache.catalina.core.StandardService [173] - Starting service [Tomcat]
[ INFO ] [restartedMain] [2024-02-15 12:51:12] org.apache.catalina.core.StandardEngine [173] - Starting Servlet engine: [Apache Tomcat/10.1.18]
[ INFO ] [restartedMain] [2024-02-15 12:51:12] org.apache.catalina.core.ContainerBase.[Tomcat].[localhost].[/] [173] - Initializing Spring embedded WebApplicationContext
[ INFO ] [restartedMain] [2024-02-15 12:51:12] org.springframework.boot.web.servlet.context.ServletWebServerApplicationContext [296] - Root WebApplicationContext: initialization completed in 3246 ms
[ INFO ] [restartedMain] [2024-02-15 12:51:12] com.ulisesbocchio.jasyptspringboot.encryptor.DefaultLazyEncryptor [32] - Found Custom Encryptor Bean org.jasypt.encryption.pbe.PooledPBEStringEncryptor@22144e0e with name: jasyptEncryptorAES
[ ERROR] [restartedMain] [2024-02-15 12:51:12] org.springframework.boot.web.embedded.tomcat.TomcatStarter [60] - Error starting Tomcat context. Exception: org.springframework.beans.factory.BeanCreationException. Message: Error creating bean with name 'h2Console' defined in class path resource [org/springframework/boot/autoconfigure/h2/H2ConsoleAutoConfiguration.class]: Failed to instantiate [org.springframework.boot.web.servlet.ServletRegistrationBean]: Factory method 'h2Console' threw exception with message: Error creating bean with name 'dataSource' defined in class path resource [org/springframework/boot/autoconfigure/jdbc/DataSourceConfiguration$Hikari.class]: Unsatisfied dependency expressed through method 'dataSource' parameter 0: Error creating bean with name 'spring.datasource-org.springframework.boot.autoconfigure.jdbc.DataSourceProperties': Could not bind properties to 'DataSourceProperties' : prefix=spring.datasource, ignoreInvalidFields=false, ignoreUnknownFields=true
[ INFO ] [restartedMain] [2024-02-15 12:51:12] org.apache.catalina.core.StandardService [173] - Stopping service [Tomcat]
[ WARN ] [restartedMain] [2024-02-15 12:51:12] org.springframework.boot.web.servlet.context.AnnotationConfigServletWebServerApplicationContext [632] - Exception encountered during context initialization - cancelling refresh attempt: org.springframework.context.ApplicationContextException: Unable to start web server
[ INFO ] [restartedMain] [2024-02-15 12:51:12] org.springframework.boot.autoconfigure.logging.ConditionEvaluationReportLogger [82] - 

Error starting ApplicationContext. To display the condition evaluation report re-run your application with 'debug' enabled.
[ ERROR] [restartedMain] [2024-02-15 12:51:12] org.springframework.boot.diagnostics.LoggingFailureAnalysisReporter [40] - 

***************************
APPLICATION FAILED TO START
***************************

Description:

Failed to bind properties under 'spring.datasource.password' to java.lang.String:

    Reason: org.springframework.boot.context.properties.bind.BindException: Failed to bind properties under 'spring.datasource.password' to java.lang.String

Action:

Update your application's configuration

[ INFO ] [Test worker] [2024-02-15 12:52:11] com.picpal.framework.common.config.JasyptConfigTest [17] - ####### jasypt ENC : Vs3tmC8+h1b/7NrtgiCrbBDT4GReBfc/zupstVQ6eHE1Pz1CXLgn7gHpaHZuoEPS 
[ INFO ] [Test worker] [2024-02-15 12:52:11] com.picpal.framework.common.config.JasyptConfigTest [18] - ####### jasypt ENC : N41X2A786i1pX3/G9ANN1t3uGHKiWHUgQ+P4L9uTNhs1UN5p0kntXj3LIhkWahei 
[ INFO ] [restartedMain] [2024-02-15 12:53:55] com.picpal.framework.BoilerplateApplication [50] - Starting BoilerplateApplication using Java 17.0.8 with PID 13656 (C:\Users\bwc\Desktop\picpal\boilerplate-back\build\classes\java\main started by bwc in C:\Users\bwc\Desktop\picpal\boilerplate-back)
[ INFO ] [restartedMain] [2024-02-15 12:53:55] com.picpal.framework.BoilerplateApplication [660] - The following 1 profile is active: "local"
[ INFO ] [restartedMain] [2024-02-15 12:53:55] org.springframework.boot.devtools.env.DevToolsPropertyDefaultsPostProcessor [252] - Devtools property defaults active! Set 'spring.devtools.add-properties' to 'false' to disable
[ INFO ] [restartedMain] [2024-02-15 12:53:55] org.springframework.boot.devtools.env.DevToolsPropertyDefaultsPostProcessor [252] - For additional web related logging consider setting the 'logging.level.web' property to 'DEBUG'
[ INFO ] [restartedMain] [2024-02-15 12:53:57] org.springframework.data.repository.config.RepositoryConfigurationDelegate [139] - Bootstrapping Spring Data JPA repositories in DEFAULT mode.
[ INFO ] [restartedMain] [2024-02-15 12:53:57] org.springframework.data.repository.config.RepositoryConfigurationDelegate [208] - Finished Spring Data repository scanning in 52 ms. Found 1 JPA repository interface.
[ INFO ] [restartedMain] [2024-02-15 12:53:57] c.u.jasyptspringboot.configuration.EnableEncryptablePropertiesBeanFactoryPostProcessor [40] - Post-processing PropertySource instances
[ INFO ] [restartedMain] [2024-02-15 12:53:57] com.ulisesbocchio.jasyptspringboot.EncryptablePropertySourceConverter [76] - Skipping PropertySource configurationProperties [class org.springframework.boot.context.properties.source.ConfigurationPropertySourcesPropertySource
[ INFO ] [restartedMain] [2024-02-15 12:53:57] com.ulisesbocchio.jasyptspringboot.EncryptablePropertySourceConverter [76] - Skipping PropertySource servletConfigInitParams [class org.springframework.core.env.PropertySource$StubPropertySource
[ INFO ] [restartedMain] [2024-02-15 12:53:57] com.ulisesbocchio.jasyptspringboot.EncryptablePropertySourceConverter [76] - Skipping PropertySource servletContextInitParams [class org.springframework.core.env.PropertySource$StubPropertySource
[ INFO ] [restartedMain] [2024-02-15 12:53:57] com.ulisesbocchio.jasyptspringboot.EncryptablePropertySourceConverter [81] - Converting PropertySource systemProperties [org.springframework.core.env.PropertiesPropertySource] to EncryptableMapPropertySourceWrapper
[ INFO ] [restartedMain] [2024-02-15 12:53:57] com.ulisesbocchio.jasyptspringboot.EncryptablePropertySourceConverter [81] - Converting PropertySource systemEnvironment [org.springframework.boot.env.SystemEnvironmentPropertySourceEnvironmentPostProcessor$OriginAwareSystemEnvironmentPropertySource] to EncryptableSystemEnvironmentPropertySourceWrapper
[ INFO ] [restartedMain] [2024-02-15 12:53:57] com.ulisesbocchio.jasyptspringboot.EncryptablePropertySourceConverter [81] - Converting PropertySource random [org.springframework.boot.env.RandomValuePropertySource] to EncryptablePropertySourceWrapper
[ INFO ] [restartedMain] [2024-02-15 12:53:57] com.ulisesbocchio.jasyptspringboot.EncryptablePropertySourceConverter [81] - Converting PropertySource Config resource 'class path resource [application-local.yml]' via location 'optional:classpath:/' [org.springframework.boot.env.OriginTrackedMapPropertySource] to EncryptableMapPropertySourceWrapper
[ INFO ] [restartedMain] [2024-02-15 12:53:57] com.ulisesbocchio.jasyptspringboot.EncryptablePropertySourceConverter [81] - Converting PropertySource Config resource 'class path resource [application.yml]' via location 'optional:classpath:/' [org.springframework.boot.env.OriginTrackedMapPropertySource] to EncryptableMapPropertySourceWrapper
[ INFO ] [restartedMain] [2024-02-15 12:53:57] com.ulisesbocchio.jasyptspringboot.EncryptablePropertySourceConverter [81] - Converting PropertySource devtools [org.springframework.core.env.MapPropertySource] to EncryptableMapPropertySourceWrapper
[ INFO ] [restartedMain] [2024-02-15 12:53:57] com.ulisesbocchio.jasyptspringboot.filter.DefaultLazyPropertyFilter [31] - Property Filter custom Bean not found with name 'encryptablePropertyFilter'. Initializing Default Property Filter
[ INFO ] [restartedMain] [2024-02-15 12:53:57] com.ulisesbocchio.jasyptspringboot.resolver.DefaultLazyPropertyResolver [35] - Property Resolver custom Bean not found with name 'encryptablePropertyResolver'. Initializing Default Property Resolver
[ INFO ] [restartedMain] [2024-02-15 12:53:57] com.ulisesbocchio.jasyptspringboot.detector.DefaultLazyPropertyDetector [35] - Property Detector custom Bean not found with name 'encryptablePropertyDetector'. Initializing Default Property Detector
[ INFO ] [restartedMain] [2024-02-15 12:53:58] org.springframework.boot.web.embedded.tomcat.TomcatWebServer [109] - Tomcat initialized with port 8080 (http)
[ INFO ] [restartedMain] [2024-02-15 12:53:58] org.apache.catalina.core.StandardService [173] - Starting service [Tomcat]
[ INFO ] [restartedMain] [2024-02-15 12:53:58] org.apache.catalina.core.StandardEngine [173] - Starting Servlet engine: [Apache Tomcat/10.1.18]
[ INFO ] [restartedMain] [2024-02-15 12:53:58] org.apache.catalina.core.ContainerBase.[Tomcat].[localhost].[/] [173] - Initializing Spring embedded WebApplicationContext
[ INFO ] [restartedMain] [2024-02-15 12:53:58] org.springframework.boot.web.servlet.context.ServletWebServerApplicationContext [296] - Root WebApplicationContext: initialization completed in 2483 ms
[ INFO ] [restartedMain] [2024-02-15 12:53:58] com.ulisesbocchio.jasyptspringboot.encryptor.DefaultLazyEncryptor [32] - Found Custom Encryptor Bean org.jasypt.encryption.pbe.PooledPBEStringEncryptor@276b2983 with name: jasyptEncryptorAES
[ INFO ] [restartedMain] [2024-02-15 12:53:58] com.zaxxer.hikari.HikariDataSource [110] - HikariPool-1 - Starting...
[ INFO ] [restartedMain] [2024-02-15 12:53:58] com.zaxxer.hikari.pool.HikariPool [565] - HikariPool-1 - Added connection conn0: url=jdbc:h2:~/test user=ADMIN
[ INFO ] [restartedMain] [2024-02-15 12:53:58] com.zaxxer.hikari.HikariDataSource [123] - HikariPool-1 - Start completed.
[ INFO ] [restartedMain] [2024-02-15 12:53:58] org.springframework.boot.autoconfigure.h2.H2ConsoleAutoConfiguration [88] - H2 console available at '/h2-console'. Database available at 'jdbc:h2:~/test'
[ INFO ] [restartedMain] [2024-02-15 12:53:58] org.hibernate.jpa.internal.util.LogHelper [31] - HHH000204: Processing PersistenceUnitInfo [name: default]
[ INFO ] [restartedMain] [2024-02-15 12:53:59] org.hibernate.Version [44] - HHH000412: Hibernate ORM core version 6.4.1.Final
[ INFO ] [restartedMain] [2024-02-15 12:53:59] org.hibernate.cache.internal.RegionFactoryInitiator [50] - HHH000026: Second-level cache disabled
[ INFO ] [restartedMain] [2024-02-15 12:53:59] org.springframework.orm.jpa.persistenceunit.SpringPersistenceUnitInfo [87] - No LoadTimeWeaver setup: ignoring JPA class transformer
[ WARN ] [restartedMain] [2024-02-15 12:53:59] org.hibernate.orm.deprecation [153] - HHH90000025: H2Dialect does not need to be specified explicitly using 'hibernate.dialect' (remove the property setting and it will be selected by default)
[ INFO ] [restartedMain] [2024-02-15 12:54:00] org.hibernate.engine.transaction.jta.platform.internal.JtaPlatformInitiator [58] - HHH000489: No JTA platform available (set 'hibernate.transaction.jta.platform' to enable JTA platform integration)
[ INFO ] [restartedMain] [2024-02-15 12:54:00] org.springframework.orm.jpa.LocalContainerEntityManagerFactoryBean [437] - Initialized JPA EntityManagerFactory for persistence unit 'default'
[ WARN ] [restartedMain] [2024-02-15 12:54:00] org.springframework.boot.autoconfigure.orm.jpa.JpaBaseConfiguration$JpaWebConfiguration [232] - spring.jpa.open-in-view is enabled by default. Therefore, database queries may be performed during view rendering. Explicitly configure spring.jpa.open-in-view to disable this warning
[ INFO ] [restartedMain] [2024-02-15 12:54:02] org.springframework.boot.actuate.endpoint.web.EndpointLinksResolver [58] - Exposing 2 endpoint(s) beneath base path '/actuator'
[ INFO ] [restartedMain] [2024-02-15 12:54:02] org.springframework.security.web.DefaultSecurityFilterChain [54] - Will secure Or [Mvc [pattern='/**']] with [org.springframework.security.web.session.DisableEncodeUrlFilter@3dbc835e, org.springframework.security.web.context.request.async.WebAsyncManagerIntegrationFilter@c34672b, org.springframework.security.web.context.SecurityContextHolderFilter@6c165cd0, org.springframework.security.web.header.HeaderWriterFilter@38682d83, org.springframework.security.web.authentication.logout.LogoutFilter@36869c54, org.springframework.security.web.authentication.www.BasicAuthenticationFilter@f139c1, org.springframework.security.web.savedrequest.RequestCacheAwareFilter@30f60720, org.springframework.security.web.servletapi.SecurityContextHolderAwareRequestFilter@1a5be092, org.springframework.security.web.authentication.AnonymousAuthenticationFilter@796893c6, org.springframework.security.web.session.SessionManagementFilter@7fa43e1e, org.springframework.security.web.access.ExceptionTranslationFilter@3a15638f, org.springframework.security.web.access.intercept.AuthorizationFilter@268aa806]
[ INFO ] [restartedMain] [2024-02-15 12:54:02] org.quartz.impl.StdSchedulerFactory [1220] - Using default implementation for ThreadExecutor
[ INFO ] [restartedMain] [2024-02-15 12:54:02] org.quartz.core.SchedulerSignalerImpl [61] - Initialized Scheduler Signaller of type: class org.quartz.core.SchedulerSignalerImpl
[ INFO ] [restartedMain] [2024-02-15 12:54:02] org.quartz.core.QuartzScheduler [229] - Quartz Scheduler v.2.3.2 created.
[ INFO ] [restartedMain] [2024-02-15 12:54:02] org.quartz.simpl.RAMJobStore [155] - RAMJobStore initialized.
[ INFO ] [restartedMain] [2024-02-15 12:54:02] org.quartz.core.QuartzScheduler [294] - Scheduler meta-data: Quartz Scheduler (v2.3.2) 'quartzScheduler' with instanceId 'NON_CLUSTERED'
  Scheduler class: 'org.quartz.core.QuartzScheduler' - running locally.
  NOT STARTED.
  Currently in standby mode.
  Number of jobs executed: 0
  Using thread pool 'org.quartz.simpl.SimpleThreadPool' - with 10 threads.
  Using job-store 'org.quartz.simpl.RAMJobStore' - which does not support persistence. and is not clustered.

[ INFO ] [restartedMain] [2024-02-15 12:54:02] org.quartz.impl.StdSchedulerFactory [1374] - Quartz scheduler 'quartzScheduler' initialized from an externally provided properties instance.
[ INFO ] [restartedMain] [2024-02-15 12:54:02] org.quartz.impl.StdSchedulerFactory [1378] - Quartz scheduler version: 2.3.2
[ INFO ] [restartedMain] [2024-02-15 12:54:02] org.quartz.core.QuartzScheduler [2293] - JobFactory set to: org.springframework.scheduling.quartz.SpringBeanJobFactory@186cf59a
[ WARN ] [restartedMain] [2024-02-15 12:54:03] org.springframework.boot.web.servlet.context.AnnotationConfigServletWebServerApplicationContext [632] - Exception encountered during context initialization - cancelling refresh attempt: org.springframework.beans.factory.BeanCreationException: Error creating bean with name 'sampleRepository' defined in com.picpal.framework.sample.repository.SampleRepository defined in @EnableJpaRepositories declared on JpaRepositoriesRegistrar.EnableJpaRepositoriesConfiguration: Could not create query for public abstract java.util.List com.picpal.framework.sample.repository.SampleRepository.findFirst2ByUsernameLikeOrderByIDDesc(java.lang.String); Reason: Failed to create query for method public abstract java.util.List com.picpal.framework.sample.repository.SampleRepository.findFirst2ByUsernameLikeOrderByIDDesc(java.lang.String); No property 'ID' found for type 'SampleEntity'; Did you mean 'id'
[ INFO ] [restartedMain] [2024-02-15 12:54:03] org.springframework.scheduling.quartz.SchedulerFactoryBean [847] - Shutting down Quartz Scheduler
[ INFO ] [restartedMain] [2024-02-15 12:54:03] org.quartz.core.QuartzScheduler [666] - Scheduler quartzScheduler_$_NON_CLUSTERED shutting down.
[ INFO ] [restartedMain] [2024-02-15 12:54:03] org.quartz.core.QuartzScheduler [585] - Scheduler quartzScheduler_$_NON_CLUSTERED paused.
[ INFO ] [restartedMain] [2024-02-15 12:54:03] org.quartz.core.QuartzScheduler [740] - Scheduler quartzScheduler_$_NON_CLUSTERED shutdown complete.
[ INFO ] [restartedMain] [2024-02-15 12:54:03] org.springframework.orm.jpa.LocalContainerEntityManagerFactoryBean [650] - Closing JPA EntityManagerFactory for persistence unit 'default'
[ INFO ] [restartedMain] [2024-02-15 12:54:03] com.zaxxer.hikari.HikariDataSource [350] - HikariPool-1 - Shutdown initiated...
[ INFO ] [restartedMain] [2024-02-15 12:54:03] com.zaxxer.hikari.HikariDataSource [352] - HikariPool-1 - Shutdown completed.
[ INFO ] [restartedMain] [2024-02-15 12:54:03] org.apache.catalina.core.StandardService [173] - Stopping service [Tomcat]
[ INFO ] [restartedMain] [2024-02-15 12:54:03] org.springframework.boot.autoconfigure.logging.ConditionEvaluationReportLogger [82] - 

Error starting ApplicationContext. To display the condition evaluation report re-run your application with 'debug' enabled.
[ ERROR] [restartedMain] [2024-02-15 12:54:03] org.springframework.boot.SpringApplication [851] - Application run failed
org.springframework.beans.factory.BeanCreationException: Error creating bean with name 'sampleRepository' defined in com.picpal.framework.sample.repository.SampleRepository defined in @EnableJpaRepositories declared on JpaRepositoriesRegistrar.EnableJpaRepositoriesConfiguration: Could not create query for public abstract java.util.List com.picpal.framework.sample.repository.SampleRepository.findFirst2ByUsernameLikeOrderByIDDesc(java.lang.String); Reason: Failed to create query for method public abstract java.util.List com.picpal.framework.sample.repository.SampleRepository.findFirst2ByUsernameLikeOrderByIDDesc(java.lang.String); No property 'ID' found for type 'SampleEntity'; Did you mean 'id'
	at org.springframework.beans.factory.support.AbstractAutowireCapableBeanFactory.initializeBean(AbstractAutowireCapableBeanFactory.java:1773)
	at org.springframework.beans.factory.support.AbstractAutowireCapableBeanFactory.doCreateBean(AbstractAutowireCapableBeanFactory.java:599)
	at org.springframework.beans.factory.support.AbstractAutowireCapableBeanFactory.createBean(AbstractAutowireCapableBeanFactory.java:521)
	at org.springframework.beans.factory.support.AbstractBeanFactory.lambda$doGetBean$0(AbstractBeanFactory.java:325)
	at org.springframework.beans.factory.support.DefaultSingletonBeanRegistry.getSingleton(DefaultSingletonBeanRegistry.java:234)
	at org.springframework.beans.factory.support.AbstractBeanFactory.doGetBean(AbstractBeanFactory.java:323)
	at org.springframework.beans.factory.support.AbstractBeanFactory.getBean(AbstractBeanFactory.java:199)
	at org.springframework.beans.factory.support.DefaultListableBeanFactory.preInstantiateSingletons(DefaultListableBeanFactory.java:969)
	at org.springframework.context.support.AbstractApplicationContext.finishBeanFactoryInitialization(AbstractApplicationContext.java:959)
	at org.springframework.context.support.AbstractApplicationContext.refresh(AbstractApplicationContext.java:624)
	at org.springframework.boot.web.servlet.context.ServletWebServerApplicationContext.refresh(ServletWebServerApplicationContext.java:146)
	at org.springframework.boot.SpringApplication.refresh(SpringApplication.java:754)
	at org.springframework.boot.SpringApplication.refreshContext(SpringApplication.java:456)
	at org.springframework.boot.SpringApplication.run(SpringApplication.java:334)
	at org.springframework.boot.SpringApplication.run(SpringApplication.java:1354)
	at org.springframework.boot.SpringApplication.run(SpringApplication.java:1343)
	at com.picpal.framework.BoilerplateApplication.main(BoilerplateApplication.java:11)
	at java.base/jdk.internal.reflect.NativeMethodAccessorImpl.invoke0(Native Method)
	at java.base/jdk.internal.reflect.NativeMethodAccessorImpl.invoke(NativeMethodAccessorImpl.java:77)
	at java.base/jdk.internal.reflect.DelegatingMethodAccessorImpl.invoke(DelegatingMethodAccessorImpl.java:43)
	at java.base/java.lang.reflect.Method.invoke(Method.java:568)
	at org.springframework.boot.devtools.restart.RestartLauncher.run(RestartLauncher.java:50)
Caused by: org.springframework.data.repository.query.QueryCreationException: Could not create query for public abstract java.util.List com.picpal.framework.sample.repository.SampleRepository.findFirst2ByUsernameLikeOrderByIDDesc(java.lang.String); Reason: Failed to create query for method public abstract java.util.List com.picpal.framework.sample.repository.SampleRepository.findFirst2ByUsernameLikeOrderByIDDesc(java.lang.String); No property 'ID' found for type 'SampleEntity'; Did you mean 'id'
	at org.springframework.data.repository.query.QueryCreationException.create(QueryCreationException.java:101)
	at org.springframework.data.repository.core.support.QueryExecutorMethodInterceptor.lookupQuery(QueryExecutorMethodInterceptor.java:115)
	at org.springframework.data.repository.core.support.QueryExecutorMethodInterceptor.mapMethodsToQuery(QueryExecutorMethodInterceptor.java:99)
	at org.springframework.data.repository.core.support.QueryExecutorMethodInterceptor.lambda$new$0(QueryExecutorMethodInterceptor.java:88)
	at java.base/java.util.Optional.map(Optional.java:260)
	at org.springframework.data.repository.core.support.QueryExecutorMethodInterceptor.<init>(QueryExecutorMethodInterceptor.java:88)
	at org.springframework.data.repository.core.support.RepositoryFactorySupport.getRepository(RepositoryFactorySupport.java:357)
	at org.springframework.data.repository.core.support.RepositoryFactoryBeanSupport.lambda$afterPropertiesSet$5(RepositoryFactoryBeanSupport.java:279)
	at org.springframework.data.util.Lazy.getNullable(Lazy.java:135)
	at org.springframework.data.util.Lazy.get(Lazy.java:113)
	at org.springframework.data.repository.core.support.RepositoryFactoryBeanSupport.afterPropertiesSet(RepositoryFactoryBeanSupport.java:285)
	at org.springframework.data.jpa.repository.support.JpaRepositoryFactoryBean.afterPropertiesSet(JpaRepositoryFactoryBean.java:132)
	at org.springframework.beans.factory.support.AbstractAutowireCapableBeanFactory.invokeInitMethods(AbstractAutowireCapableBeanFactory.java:1820)
	at org.springframework.beans.factory.support.AbstractAutowireCapableBeanFactory.initializeBean(AbstractAutowireCapableBeanFactory.java:1769)
	... 21 common frames omitted
Caused by: java.lang.IllegalArgumentException: Failed to create query for method public abstract java.util.List com.picpal.framework.sample.repository.SampleRepository.findFirst2ByUsernameLikeOrderByIDDesc(java.lang.String); No property 'ID' found for type 'SampleEntity'; Did you mean 'id'
	at org.springframework.data.jpa.repository.query.PartTreeJpaQuery.<init>(PartTreeJpaQuery.java:106)
	at org.springframework.data.jpa.repository.query.JpaQueryLookupStrategy$CreateQueryLookupStrategy.resolveQuery(JpaQueryLookupStrategy.java:124)
	at org.springframework.data.jpa.repository.query.JpaQueryLookupStrategy$CreateIfNotFoundQueryLookupStrategy.resolveQuery(JpaQueryLookupStrategy.java:258)
	at org.springframework.data.jpa.repository.query.JpaQueryLookupStrategy$AbstractQueryLookupStrategy.resolveQuery(JpaQueryLookupStrategy.java:95)
	at org.springframework.data.repository.core.support.QueryExecutorMethodInterceptor.lookupQuery(QueryExecutorMethodInterceptor.java:111)
	... 33 common frames omitted
Caused by: org.springframework.data.mapping.PropertyReferenceException: No property 'ID' found for type 'SampleEntity'; Did you mean 'id'
	at org.springframework.data.mapping.PropertyPath.<init>(PropertyPath.java:90)
	at org.springframework.data.mapping.PropertyPath.create(PropertyPath.java:443)
	at org.springframework.data.mapping.PropertyPath.create(PropertyPath.java:419)
	at org.springframework.data.mapping.PropertyPath.lambda$from$0(PropertyPath.java:372)
	at java.base/java.util.concurrent.ConcurrentMap.computeIfAbsent(ConcurrentMap.java:330)
	at org.springframework.data.mapping.PropertyPath.from(PropertyPath.java:354)
	at org.springframework.data.mapping.PropertyPath.from(PropertyPath.java:332)
	at org.springframework.data.repository.query.parser.OrderBySource.lambda$createOrder$2(OrderBySource.java:112)
	at java.base/java.util.Optional.map(Optional.java:260)
	at org.springframework.data.repository.query.parser.OrderBySource.createOrder(OrderBySource.java:110)
	at org.springframework.data.repository.query.parser.OrderBySource.<init>(OrderBySource.java:94)
	at org.springframework.data.repository.query.parser.PartTree$Predicate.<init>(PartTree.java:392)
	at org.springframework.data.repository.query.parser.PartTree.<init>(PartTree.java:103)
	at org.springframework.data.jpa.repository.query.PartTreeJpaQuery.<init>(PartTreeJpaQuery.java:100)
	... 37 common frames omitted
[ INFO ] [restartedMain] [2024-02-15 12:56:28] com.picpal.framework.BoilerplateApplication [50] - Starting BoilerplateApplication using Java 17.0.8 with PID 3040 (C:\Users\bwc\Desktop\picpal\boilerplate-back\build\classes\java\main started by bwc in C:\Users\bwc\Desktop\picpal\boilerplate-back)
[ INFO ] [restartedMain] [2024-02-15 12:56:28] com.picpal.framework.BoilerplateApplication [660] - The following 1 profile is active: "local"
[ INFO ] [restartedMain] [2024-02-15 12:56:28] org.springframework.boot.devtools.env.DevToolsPropertyDefaultsPostProcessor [252] - Devtools property defaults active! Set 'spring.devtools.add-properties' to 'false' to disable
[ INFO ] [restartedMain] [2024-02-15 12:56:28] org.springframework.boot.devtools.env.DevToolsPropertyDefaultsPostProcessor [252] - For additional web related logging consider setting the 'logging.level.web' property to 'DEBUG'
[ INFO ] [restartedMain] [2024-02-15 12:56:29] org.springframework.data.repository.config.RepositoryConfigurationDelegate [139] - Bootstrapping Spring Data JPA repositories in DEFAULT mode.
[ INFO ] [restartedMain] [2024-02-15 12:56:29] org.springframework.data.repository.config.RepositoryConfigurationDelegate [208] - Finished Spring Data repository scanning in 54 ms. Found 1 JPA repository interface.
[ INFO ] [restartedMain] [2024-02-15 12:56:29] c.u.jasyptspringboot.configuration.EnableEncryptablePropertiesBeanFactoryPostProcessor [40] - Post-processing PropertySource instances
[ INFO ] [restartedMain] [2024-02-15 12:56:29] com.ulisesbocchio.jasyptspringboot.EncryptablePropertySourceConverter [76] - Skipping PropertySource configurationProperties [class org.springframework.boot.context.properties.source.ConfigurationPropertySourcesPropertySource
[ INFO ] [restartedMain] [2024-02-15 12:56:29] com.ulisesbocchio.jasyptspringboot.EncryptablePropertySourceConverter [76] - Skipping PropertySource servletConfigInitParams [class org.springframework.core.env.PropertySource$StubPropertySource
[ INFO ] [restartedMain] [2024-02-15 12:56:29] com.ulisesbocchio.jasyptspringboot.EncryptablePropertySourceConverter [76] - Skipping PropertySource servletContextInitParams [class org.springframework.core.env.PropertySource$StubPropertySource
[ INFO ] [restartedMain] [2024-02-15 12:56:29] com.ulisesbocchio.jasyptspringboot.EncryptablePropertySourceConverter [81] - Converting PropertySource systemProperties [org.springframework.core.env.PropertiesPropertySource] to EncryptableMapPropertySourceWrapper
[ INFO ] [restartedMain] [2024-02-15 12:56:29] com.ulisesbocchio.jasyptspringboot.EncryptablePropertySourceConverter [81] - Converting PropertySource systemEnvironment [org.springframework.boot.env.SystemEnvironmentPropertySourceEnvironmentPostProcessor$OriginAwareSystemEnvironmentPropertySource] to EncryptableSystemEnvironmentPropertySourceWrapper
[ INFO ] [restartedMain] [2024-02-15 12:56:29] com.ulisesbocchio.jasyptspringboot.EncryptablePropertySourceConverter [81] - Converting PropertySource random [org.springframework.boot.env.RandomValuePropertySource] to EncryptablePropertySourceWrapper
[ INFO ] [restartedMain] [2024-02-15 12:56:29] com.ulisesbocchio.jasyptspringboot.EncryptablePropertySourceConverter [81] - Converting PropertySource Config resource 'class path resource [application-local.yml]' via location 'optional:classpath:/' [org.springframework.boot.env.OriginTrackedMapPropertySource] to EncryptableMapPropertySourceWrapper
[ INFO ] [restartedMain] [2024-02-15 12:56:29] com.ulisesbocchio.jasyptspringboot.EncryptablePropertySourceConverter [81] - Converting PropertySource Config resource 'class path resource [application.yml]' via location 'optional:classpath:/' [org.springframework.boot.env.OriginTrackedMapPropertySource] to EncryptableMapPropertySourceWrapper
[ INFO ] [restartedMain] [2024-02-15 12:56:29] com.ulisesbocchio.jasyptspringboot.EncryptablePropertySourceConverter [81] - Converting PropertySource devtools [org.springframework.core.env.MapPropertySource] to EncryptableMapPropertySourceWrapper
[ INFO ] [restartedMain] [2024-02-15 12:56:30] com.ulisesbocchio.jasyptspringboot.filter.DefaultLazyPropertyFilter [31] - Property Filter custom Bean not found with name 'encryptablePropertyFilter'. Initializing Default Property Filter
[ INFO ] [restartedMain] [2024-02-15 12:56:30] com.ulisesbocchio.jasyptspringboot.resolver.DefaultLazyPropertyResolver [35] - Property Resolver custom Bean not found with name 'encryptablePropertyResolver'. Initializing Default Property Resolver
[ INFO ] [restartedMain] [2024-02-15 12:56:30] com.ulisesbocchio.jasyptspringboot.detector.DefaultLazyPropertyDetector [35] - Property Detector custom Bean not found with name 'encryptablePropertyDetector'. Initializing Default Property Detector
[ INFO ] [restartedMain] [2024-02-15 12:56:30] org.springframework.boot.web.embedded.tomcat.TomcatWebServer [109] - Tomcat initialized with port 8080 (http)
[ INFO ] [restartedMain] [2024-02-15 12:56:30] org.apache.catalina.core.StandardService [173] - Starting service [Tomcat]
[ INFO ] [restartedMain] [2024-02-15 12:56:30] org.apache.catalina.core.StandardEngine [173] - Starting Servlet engine: [Apache Tomcat/10.1.18]
[ INFO ] [restartedMain] [2024-02-15 12:56:30] org.apache.catalina.core.ContainerBase.[Tomcat].[localhost].[/] [173] - Initializing Spring embedded WebApplicationContext
[ INFO ] [restartedMain] [2024-02-15 12:56:30] org.springframework.boot.web.servlet.context.ServletWebServerApplicationContext [296] - Root WebApplicationContext: initialization completed in 2475 ms
[ INFO ] [restartedMain] [2024-02-15 12:56:30] com.ulisesbocchio.jasyptspringboot.encryptor.DefaultLazyEncryptor [32] - Found Custom Encryptor Bean org.jasypt.encryption.pbe.PooledPBEStringEncryptor@2721f97 with name: jasyptEncryptorAES
[ INFO ] [restartedMain] [2024-02-15 12:56:30] com.zaxxer.hikari.HikariDataSource [110] - HikariPool-1 - Starting...
[ INFO ] [restartedMain] [2024-02-15 12:56:31] com.zaxxer.hikari.pool.HikariPool [565] - HikariPool-1 - Added connection conn0: url=jdbc:h2:~/test user=ADMIN
[ INFO ] [restartedMain] [2024-02-15 12:56:31] com.zaxxer.hikari.HikariDataSource [123] - HikariPool-1 - Start completed.
[ INFO ] [restartedMain] [2024-02-15 12:56:31] org.springframework.boot.autoconfigure.h2.H2ConsoleAutoConfiguration [88] - H2 console available at '/h2-console'. Database available at 'jdbc:h2:~/test'
[ INFO ] [restartedMain] [2024-02-15 12:56:31] org.hibernate.jpa.internal.util.LogHelper [31] - HHH000204: Processing PersistenceUnitInfo [name: default]
[ INFO ] [restartedMain] [2024-02-15 12:56:31] org.hibernate.Version [44] - HHH000412: Hibernate ORM core version 6.4.1.Final
[ INFO ] [restartedMain] [2024-02-15 12:56:31] org.hibernate.cache.internal.RegionFactoryInitiator [50] - HHH000026: Second-level cache disabled
[ INFO ] [restartedMain] [2024-02-15 12:56:31] org.springframework.orm.jpa.persistenceunit.SpringPersistenceUnitInfo [87] - No LoadTimeWeaver setup: ignoring JPA class transformer
[ WARN ] [restartedMain] [2024-02-15 12:56:31] org.hibernate.orm.deprecation [153] - HHH90000025: H2Dialect does not need to be specified explicitly using 'hibernate.dialect' (remove the property setting and it will be selected by default)
[ INFO ] [restartedMain] [2024-02-15 12:56:32] org.hibernate.engine.transaction.jta.platform.internal.JtaPlatformInitiator [58] - HHH000489: No JTA platform available (set 'hibernate.transaction.jta.platform' to enable JTA platform integration)
[ INFO ] [restartedMain] [2024-02-15 12:56:32] org.springframework.orm.jpa.LocalContainerEntityManagerFactoryBean [437] - Initialized JPA EntityManagerFactory for persistence unit 'default'
[ WARN ] [restartedMain] [2024-02-15 12:56:33] org.springframework.boot.autoconfigure.orm.jpa.JpaBaseConfiguration$JpaWebConfiguration [232] - spring.jpa.open-in-view is enabled by default. Therefore, database queries may be performed during view rendering. Explicitly configure spring.jpa.open-in-view to disable this warning
[ INFO ] [restartedMain] [2024-02-15 12:56:34] org.springframework.boot.actuate.endpoint.web.EndpointLinksResolver [58] - Exposing 2 endpoint(s) beneath base path '/actuator'
[ INFO ] [restartedMain] [2024-02-15 12:56:34] org.springframework.security.web.DefaultSecurityFilterChain [54] - Will secure Or [Mvc [pattern='/**']] with [org.springframework.security.web.session.DisableEncodeUrlFilter@610d02fc, org.springframework.security.web.context.request.async.WebAsyncManagerIntegrationFilter@1ec2c7f0, org.springframework.security.web.context.SecurityContextHolderFilter@231c0228, org.springframework.security.web.header.HeaderWriterFilter@320a4fa7, org.springframework.security.web.authentication.logout.LogoutFilter@2999c4d3, org.springframework.security.web.authentication.www.BasicAuthenticationFilter@4615f5c2, org.springframework.security.web.savedrequest.RequestCacheAwareFilter@1863c7ec, org.springframework.security.web.servletapi.SecurityContextHolderAwareRequestFilter@1da970cd, org.springframework.security.web.authentication.AnonymousAuthenticationFilter@1a7c0c06, org.springframework.security.web.session.SessionManagementFilter@6afded66, org.springframework.security.web.access.ExceptionTranslationFilter@a208a47, org.springframework.security.web.access.intercept.AuthorizationFilter@52403bfb]
[ INFO ] [restartedMain] [2024-02-15 12:56:35] org.quartz.impl.StdSchedulerFactory [1220] - Using default implementation for ThreadExecutor
[ INFO ] [restartedMain] [2024-02-15 12:56:35] org.quartz.core.SchedulerSignalerImpl [61] - Initialized Scheduler Signaller of type: class org.quartz.core.SchedulerSignalerImpl
[ INFO ] [restartedMain] [2024-02-15 12:56:35] org.quartz.core.QuartzScheduler [229] - Quartz Scheduler v.2.3.2 created.
[ INFO ] [restartedMain] [2024-02-15 12:56:35] org.quartz.simpl.RAMJobStore [155] - RAMJobStore initialized.
[ INFO ] [restartedMain] [2024-02-15 12:56:35] org.quartz.core.QuartzScheduler [294] - Scheduler meta-data: Quartz Scheduler (v2.3.2) 'quartzScheduler' with instanceId 'NON_CLUSTERED'
  Scheduler class: 'org.quartz.core.QuartzScheduler' - running locally.
  NOT STARTED.
  Currently in standby mode.
  Number of jobs executed: 0
  Using thread pool 'org.quartz.simpl.SimpleThreadPool' - with 10 threads.
  Using job-store 'org.quartz.simpl.RAMJobStore' - which does not support persistence. and is not clustered.

[ INFO ] [restartedMain] [2024-02-15 12:56:35] org.quartz.impl.StdSchedulerFactory [1374] - Quartz scheduler 'quartzScheduler' initialized from an externally provided properties instance.
[ INFO ] [restartedMain] [2024-02-15 12:56:35] org.quartz.impl.StdSchedulerFactory [1378] - Quartz scheduler version: 2.3.2
[ INFO ] [restartedMain] [2024-02-15 12:56:35] org.quartz.core.QuartzScheduler [2293] - JobFactory set to: org.springframework.scheduling.quartz.SpringBeanJobFactory@7b57f605
[ INFO ] [restartedMain] [2024-02-15 12:56:35] org.springframework.boot.devtools.autoconfigure.OptionalLiveReloadServer [59] - LiveReload server is running on port 35729
[ INFO ] [restartedMain] [2024-02-15 12:56:35] org.springframework.boot.web.embedded.tomcat.TomcatWebServer [241] - Tomcat started on port 8080 (http) with context path ''
[ INFO ] [restartedMain] [2024-02-15 12:56:35] com.ulisesbocchio.jasyptspringboot.caching.RefreshScopeRefreshedEventListener [47] - Refreshing cached encryptable property sources on ServletWebServerInitializedEvent
[ INFO ] [restartedMain] [2024-02-15 12:56:35] com.ulisesbocchio.jasyptspringboot.caching.CachingDelegateEncryptablePropertySource [55] - Property Source systemProperties refreshed
[ INFO ] [restartedMain] [2024-02-15 12:56:35] com.ulisesbocchio.jasyptspringboot.caching.CachingDelegateEncryptablePropertySource [55] - Property Source systemEnvironment refreshed
[ INFO ] [restartedMain] [2024-02-15 12:56:35] com.ulisesbocchio.jasyptspringboot.caching.CachingDelegateEncryptablePropertySource [55] - Property Source random refreshed
[ INFO ] [restartedMain] [2024-02-15 12:56:35] com.ulisesbocchio.jasyptspringboot.caching.CachingDelegateEncryptablePropertySource [55] - Property Source Config resource 'class path resource [application-local.yml]' via location 'optional:classpath:/' refreshed
[ INFO ] [restartedMain] [2024-02-15 12:56:35] com.ulisesbocchio.jasyptspringboot.caching.CachingDelegateEncryptablePropertySource [55] - Property Source Config resource 'class path resource [application.yml]' via location 'optional:classpath:/' refreshed
[ INFO ] [restartedMain] [2024-02-15 12:56:35] com.ulisesbocchio.jasyptspringboot.caching.CachingDelegateEncryptablePropertySource [55] - Property Source devtools refreshed
[ INFO ] [restartedMain] [2024-02-15 12:56:35] com.ulisesbocchio.jasyptspringboot.EncryptablePropertySourceConverter [81] - Converting PropertySource server.ports [org.springframework.core.env.MapPropertySource] to EncryptableMapPropertySourceWrapper
[ INFO ] [restartedMain] [2024-02-15 12:56:35] com.ulisesbocchio.jasyptspringboot.EncryptablePropertySourceConverter [76] - Skipping PropertySource configurationProperties [class org.springframework.boot.context.properties.source.ConfigurationPropertySourcesPropertySource
[ INFO ] [restartedMain] [2024-02-15 12:56:35] com.ulisesbocchio.jasyptspringboot.EncryptablePropertySourceConverter [76] - Skipping PropertySource servletConfigInitParams [class org.springframework.core.env.PropertySource$StubPropertySource
[ INFO ] [restartedMain] [2024-02-15 12:56:35] com.ulisesbocchio.jasyptspringboot.EncryptablePropertySourceConverter [81] - Converting PropertySource servletContextInitParams [org.springframework.web.context.support.ServletContextPropertySource] to EncryptableEnumerablePropertySourceWrapper
[ INFO ] [restartedMain] [2024-02-15 12:56:35] com.ulisesbocchio.jasyptspringboot.EncryptablePropertySourceConverter [81] - Converting PropertySource Management Server [org.springframework.boot.actuate.autoconfigure.web.server.ManagementContextAutoConfiguration$SameManagementContextConfiguration$1] to EncryptablePropertySourceWrapper
[ INFO ] [restartedMain] [2024-02-15 12:56:35] org.springframework.scheduling.quartz.SchedulerFactoryBean [729] - Starting Quartz Scheduler now
[ INFO ] [restartedMain] [2024-02-15 12:56:35] org.quartz.core.QuartzScheduler [547] - Scheduler quartzScheduler_$_NON_CLUSTERED started.
[ INFO ] [restartedMain] [2024-02-15 12:56:35] com.picpal.framework.BoilerplateApplication [56] - Started BoilerplateApplication in 8.128 seconds (process running for 9.496)
[ INFO ] [Test worker] [2024-02-15 12:59:14] org.springframework.test.context.support.AnnotationConfigContextLoaderUtils [83] - Could not detect default configuration classes for test class [com.picpal.framework.BoilerplateApplicationTest]: BoilerplateApplicationTest does not declare any static, non-private, non-final, nested classes annotated with @Configuration.
[ INFO ] [Test worker] [2024-02-15 12:59:14] org.springframework.boot.test.context.SpringBootTestContextBootstrapper [234] - Found @SpringBootConfiguration com.picpal.framework.BoilerplateApplication for test class com.picpal.framework.BoilerplateApplicationTest
[ INFO ] [Test worker] [2024-02-15 12:59:52] org.springframework.test.context.support.AnnotationConfigContextLoaderUtils [83] - Could not detect default configuration classes for test class [com.picpal.framework.BoilerplateApplicationTest]: BoilerplateApplicationTest does not declare any static, non-private, non-final, nested classes annotated with @Configuration.
[ INFO ] [Test worker] [2024-02-15 12:59:52] org.springframework.boot.test.context.SpringBootTestContextBootstrapper [234] - Found @SpringBootConfiguration com.picpal.framework.BoilerplateApplication for test class com.picpal.framework.BoilerplateApplicationTest
[ INFO ] [Test worker] [2024-02-15 13:00:26] org.springframework.test.context.support.AnnotationConfigContextLoaderUtils [83] - Could not detect default configuration classes for test class [com.picpal.framework.BoilerplateApplicationTest]: BoilerplateApplicationTest does not declare any static, non-private, non-final, nested classes annotated with @Configuration.
[ INFO ] [Test worker] [2024-02-15 13:00:26] org.springframework.boot.test.context.SpringBootTestContextBootstrapper [234] - Found @SpringBootConfiguration com.picpal.framework.BoilerplateApplication for test class com.picpal.framework.BoilerplateApplicationTest
[ INFO ] [Test worker] [2024-02-15 13:00:44] org.springframework.test.context.support.AnnotationConfigContextLoaderUtils [83] - Could not detect default configuration classes for test class [com.picpal.framework.BoilerplateApplicationTest]: BoilerplateApplicationTest does not declare any static, non-private, non-final, nested classes annotated with @Configuration.
[ INFO ] [Test worker] [2024-02-15 13:00:44] org.springframework.boot.test.context.SpringBootTestContextBootstrapper [234] - Found @SpringBootConfiguration com.picpal.framework.BoilerplateApplication for test class com.picpal.framework.BoilerplateApplicationTest
[ INFO ] [File Watcher] [2024-02-15 13:01:23] o.s.b.d.a.LocalDevToolsAutoConfiguration$RestartingClassPathChangeChangedEventListener [211] - Restarting due to 1 class path change (0 additions, 1 deletion, 0 modifications)
[ INFO ] [Thread-6] [2024-02-15 13:01:23] org.quartz.core.QuartzScheduler [585] - Scheduler quartzScheduler_$_NON_CLUSTERED paused.
[ INFO ] [Thread-6] [2024-02-15 13:01:23] org.springframework.boot.web.embedded.tomcat.GracefulShutdown [53] - Commencing graceful shutdown. Waiting for active requests to complete
[ INFO ] [tomcat-shutdown] [2024-02-15 13:01:23] org.springframework.boot.web.embedded.tomcat.GracefulShutdown [78] - Graceful shutdown complete
[ INFO ] [Thread-6] [2024-02-15 13:01:23] org.springframework.scheduling.quartz.SchedulerFactoryBean [847] - Shutting down Quartz Scheduler
[ INFO ] [Thread-6] [2024-02-15 13:01:23] org.quartz.core.QuartzScheduler [666] - Scheduler quartzScheduler_$_NON_CLUSTERED shutting down.
[ INFO ] [Thread-6] [2024-02-15 13:01:23] org.quartz.core.QuartzScheduler [585] - Scheduler quartzScheduler_$_NON_CLUSTERED paused.
[ INFO ] [Thread-6] [2024-02-15 13:01:23] org.quartz.core.QuartzScheduler [740] - Scheduler quartzScheduler_$_NON_CLUSTERED shutdown complete.
[ INFO ] [Thread-6] [2024-02-15 13:01:23] org.springframework.orm.jpa.LocalContainerEntityManagerFactoryBean [650] - Closing JPA EntityManagerFactory for persistence unit 'default'
[ INFO ] [Thread-6] [2024-02-15 13:01:23] com.zaxxer.hikari.HikariDataSource [350] - HikariPool-1 - Shutdown initiated...
[ INFO ] [Thread-6] [2024-02-15 13:01:23] com.zaxxer.hikari.HikariDataSource [352] - HikariPool-1 - Shutdown completed.
[ INFO ] [restartedMain] [2024-02-15 13:01:23] com.picpal.framework.BoilerplateApplication [50] - Starting BoilerplateApplication using Java 17.0.8 with PID 3040 (C:\Users\bwc\Desktop\picpal\boilerplate-back\build\classes\java\main started by bwc in C:\Users\bwc\Desktop\picpal\boilerplate-back)
[ INFO ] [restartedMain] [2024-02-15 13:01:23] com.picpal.framework.BoilerplateApplication [660] - The following 1 profile is active: "local"
[ INFO ] [restartedMain] [2024-02-15 13:01:23] org.springframework.data.repository.config.RepositoryConfigurationDelegate [139] - Bootstrapping Spring Data JPA repositories in DEFAULT mode.
[ INFO ] [restartedMain] [2024-02-15 13:01:23] org.springframework.data.repository.config.RepositoryConfigurationDelegate [208] - Finished Spring Data repository scanning in 17 ms. Found 1 JPA repository interface.
[ INFO ] [restartedMain] [2024-02-15 13:01:24] c.u.jasyptspringboot.configuration.EnableEncryptablePropertiesBeanFactoryPostProcessor [40] - Post-processing PropertySource instances
[ INFO ] [restartedMain] [2024-02-15 13:01:24] com.ulisesbocchio.jasyptspringboot.EncryptablePropertySourceConverter [76] - Skipping PropertySource configurationProperties [class org.springframework.boot.context.properties.source.ConfigurationPropertySourcesPropertySource
[ INFO ] [restartedMain] [2024-02-15 13:01:24] com.ulisesbocchio.jasyptspringboot.EncryptablePropertySourceConverter [76] - Skipping PropertySource servletConfigInitParams [class org.springframework.core.env.PropertySource$StubPropertySource
[ INFO ] [restartedMain] [2024-02-15 13:01:24] com.ulisesbocchio.jasyptspringboot.EncryptablePropertySourceConverter [76] - Skipping PropertySource servletContextInitParams [class org.springframework.core.env.PropertySource$StubPropertySource
[ INFO ] [restartedMain] [2024-02-15 13:01:24] com.ulisesbocchio.jasyptspringboot.EncryptablePropertySourceConverter [81] - Converting PropertySource systemProperties [org.springframework.core.env.PropertiesPropertySource] to EncryptableMapPropertySourceWrapper
[ INFO ] [restartedMain] [2024-02-15 13:01:24] com.ulisesbocchio.jasyptspringboot.EncryptablePropertySourceConverter [81] - Converting PropertySource systemEnvironment [org.springframework.boot.env.SystemEnvironmentPropertySourceEnvironmentPostProcessor$OriginAwareSystemEnvironmentPropertySource] to EncryptableSystemEnvironmentPropertySourceWrapper
[ INFO ] [restartedMain] [2024-02-15 13:01:24] com.ulisesbocchio.jasyptspringboot.EncryptablePropertySourceConverter [81] - Converting PropertySource random [org.springframework.boot.env.RandomValuePropertySource] to EncryptablePropertySourceWrapper
[ INFO ] [restartedMain] [2024-02-15 13:01:24] com.ulisesbocchio.jasyptspringboot.EncryptablePropertySourceConverter [81] - Converting PropertySource Config resource 'class path resource [application-local.yml]' via location 'optional:classpath:/' [org.springframework.boot.env.OriginTrackedMapPropertySource] to EncryptableMapPropertySourceWrapper
[ INFO ] [restartedMain] [2024-02-15 13:01:24] com.ulisesbocchio.jasyptspringboot.EncryptablePropertySourceConverter [81] - Converting PropertySource Config resource 'class path resource [application.yml]' via location 'optional:classpath:/' [org.springframework.boot.env.OriginTrackedMapPropertySource] to EncryptableMapPropertySourceWrapper
[ INFO ] [restartedMain] [2024-02-15 13:01:24] com.ulisesbocchio.jasyptspringboot.EncryptablePropertySourceConverter [81] - Converting PropertySource devtools [org.springframework.core.env.MapPropertySource] to EncryptableMapPropertySourceWrapper
[ INFO ] [restartedMain] [2024-02-15 13:01:24] com.ulisesbocchio.jasyptspringboot.filter.DefaultLazyPropertyFilter [31] - Property Filter custom Bean not found with name 'encryptablePropertyFilter'. Initializing Default Property Filter
[ INFO ] [restartedMain] [2024-02-15 13:01:24] com.ulisesbocchio.jasyptspringboot.resolver.DefaultLazyPropertyResolver [35] - Property Resolver custom Bean not found with name 'encryptablePropertyResolver'. Initializing Default Property Resolver
[ INFO ] [restartedMain] [2024-02-15 13:01:24] com.ulisesbocchio.jasyptspringboot.detector.DefaultLazyPropertyDetector [35] - Property Detector custom Bean not found with name 'encryptablePropertyDetector'. Initializing Default Property Detector
[ INFO ] [restartedMain] [2024-02-15 13:01:24] org.springframework.boot.web.embedded.tomcat.TomcatWebServer [109] - Tomcat initialized with port 8080 (http)
[ INFO ] [restartedMain] [2024-02-15 13:01:24] org.apache.catalina.core.StandardService [173] - Starting service [Tomcat]
[ INFO ] [restartedMain] [2024-02-15 13:01:24] org.apache.catalina.core.StandardEngine [173] - Starting Servlet engine: [Apache Tomcat/10.1.18]
[ INFO ] [restartedMain] [2024-02-15 13:01:24] org.apache.catalina.core.ContainerBase.[Tomcat].[localhost].[/] [173] - Initializing Spring embedded WebApplicationContext
[ INFO ] [restartedMain] [2024-02-15 13:01:24] org.springframework.boot.web.servlet.context.ServletWebServerApplicationContext [296] - Root WebApplicationContext: initialization completed in 944 ms
[ INFO ] [restartedMain] [2024-02-15 13:01:24] com.picpal.framework.common.config.JasyptConfig [20] - ######### key : 00001111
[ INFO ] [restartedMain] [2024-02-15 13:01:24] com.ulisesbocchio.jasyptspringboot.encryptor.DefaultLazyEncryptor [32] - Found Custom Encryptor Bean org.jasypt.encryption.pbe.PooledPBEStringEncryptor@681110f6 with name: jasyptEncryptorAES
[ INFO ] [restartedMain] [2024-02-15 13:01:24] com.zaxxer.hikari.HikariDataSource [110] - HikariPool-2 - Starting...
[ INFO ] [restartedMain] [2024-02-15 13:01:24] com.zaxxer.hikari.pool.HikariPool [565] - HikariPool-2 - Added connection conn12: url=jdbc:h2:~/test user=ADMIN
[ INFO ] [restartedMain] [2024-02-15 13:01:24] com.zaxxer.hikari.HikariDataSource [123] - HikariPool-2 - Start completed.
[ INFO ] [restartedMain] [2024-02-15 13:01:24] org.springframework.boot.autoconfigure.h2.H2ConsoleAutoConfiguration [88] - H2 console available at '/h2-console'. Database available at 'jdbc:h2:~/test'
[ INFO ] [restartedMain] [2024-02-15 13:01:24] org.hibernate.jpa.internal.util.LogHelper [31] - HHH000204: Processing PersistenceUnitInfo [name: default]
[ INFO ] [restartedMain] [2024-02-15 13:01:24] org.hibernate.cache.internal.RegionFactoryInitiator [50] - HHH000026: Second-level cache disabled
[ INFO ] [restartedMain] [2024-02-15 13:01:24] org.springframework.orm.jpa.persistenceunit.SpringPersistenceUnitInfo [87] - No LoadTimeWeaver setup: ignoring JPA class transformer
[ WARN ] [restartedMain] [2024-02-15 13:01:24] org.hibernate.orm.deprecation [153] - HHH90000025: H2Dialect does not need to be specified explicitly using 'hibernate.dialect' (remove the property setting and it will be selected by default)
[ INFO ] [restartedMain] [2024-02-15 13:01:24] org.hibernate.engine.transaction.jta.platform.internal.JtaPlatformInitiator [58] - HHH000489: No JTA platform available (set 'hibernate.transaction.jta.platform' to enable JTA platform integration)
[ INFO ] [restartedMain] [2024-02-15 13:01:24] org.springframework.orm.jpa.LocalContainerEntityManagerFactoryBean [437] - Initialized JPA EntityManagerFactory for persistence unit 'default'
[ WARN ] [restartedMain] [2024-02-15 13:01:24] org.springframework.boot.autoconfigure.orm.jpa.JpaBaseConfiguration$JpaWebConfiguration [232] - spring.jpa.open-in-view is enabled by default. Therefore, database queries may be performed during view rendering. Explicitly configure spring.jpa.open-in-view to disable this warning
[ INFO ] [Test worker] [2024-02-15 13:01:25] org.springframework.test.context.support.AnnotationConfigContextLoaderUtils [83] - Could not detect default configuration classes for test class [com.picpal.framework.BoilerplateApplicationTest]: BoilerplateApplicationTest does not declare any static, non-private, non-final, nested classes annotated with @Configuration.
[ INFO ] [restartedMain] [2024-02-15 13:01:25] org.springframework.boot.actuate.endpoint.web.EndpointLinksResolver [58] - Exposing 2 endpoint(s) beneath base path '/actuator'
[ INFO ] [Test worker] [2024-02-15 13:01:25] org.springframework.boot.test.context.SpringBootTestContextBootstrapper [234] - Found @SpringBootConfiguration com.picpal.framework.BoilerplateApplication for test class com.picpal.framework.BoilerplateApplicationTest
[ INFO ] [restartedMain] [2024-02-15 13:01:25] org.springframework.security.web.DefaultSecurityFilterChain [54] - Will secure Or [Mvc [pattern='/**']] with [org.springframework.security.web.session.DisableEncodeUrlFilter@18f0cd15, org.springframework.security.web.context.request.async.WebAsyncManagerIntegrationFilter@6d8fb8bc, org.springframework.security.web.context.SecurityContextHolderFilter@3fec8d12, org.springframework.security.web.header.HeaderWriterFilter@209472e2, org.springframework.security.web.authentication.logout.LogoutFilter@2d869aa1, org.springframework.security.web.authentication.www.BasicAuthenticationFilter@30a8a44b, org.springframework.security.web.savedrequest.RequestCacheAwareFilter@7a9e1082, org.springframework.security.web.servletapi.SecurityContextHolderAwareRequestFilter@7bba9506, org.springframework.security.web.authentication.AnonymousAuthenticationFilter@4f3c573a, org.springframework.security.web.session.SessionManagementFilter@3fd1f5f8, org.springframework.security.web.access.ExceptionTranslationFilter@52353c18, org.springframework.security.web.access.intercept.AuthorizationFilter@3c3a9eb4]
[ INFO ] [restartedMain] [2024-02-15 13:01:26] org.quartz.impl.StdSchedulerFactory [1220] - Using default implementation for ThreadExecutor
[ INFO ] [restartedMain] [2024-02-15 13:01:26] org.quartz.core.SchedulerSignalerImpl [61] - Initialized Scheduler Signaller of type: class org.quartz.core.SchedulerSignalerImpl
[ INFO ] [restartedMain] [2024-02-15 13:01:26] org.quartz.core.QuartzScheduler [229] - Quartz Scheduler v.2.3.2 created.
[ INFO ] [restartedMain] [2024-02-15 13:01:26] org.quartz.simpl.RAMJobStore [155] - RAMJobStore initialized.
[ INFO ] [restartedMain] [2024-02-15 13:01:26] org.quartz.core.QuartzScheduler [294] - Scheduler meta-data: Quartz Scheduler (v2.3.2) 'quartzScheduler' with instanceId 'NON_CLUSTERED'
  Scheduler class: 'org.quartz.core.QuartzScheduler' - running locally.
  NOT STARTED.
  Currently in standby mode.
  Number of jobs executed: 0
  Using thread pool 'org.quartz.simpl.SimpleThreadPool' - with 10 threads.
  Using job-store 'org.quartz.simpl.RAMJobStore' - which does not support persistence. and is not clustered.

[ INFO ] [restartedMain] [2024-02-15 13:01:26] org.quartz.impl.StdSchedulerFactory [1374] - Quartz scheduler 'quartzScheduler' initialized from an externally provided properties instance.
[ INFO ] [restartedMain] [2024-02-15 13:01:26] org.quartz.impl.StdSchedulerFactory [1378] - Quartz scheduler version: 2.3.2
[ INFO ] [restartedMain] [2024-02-15 13:01:26] org.quartz.core.QuartzScheduler [2293] - JobFactory set to: org.springframework.scheduling.quartz.SpringBeanJobFactory@2035c279
[ INFO ] [restartedMain] [2024-02-15 13:01:26] org.springframework.boot.devtools.autoconfigure.OptionalLiveReloadServer [59] - LiveReload server is running on port 35729
[ INFO ] [restartedMain] [2024-02-15 13:01:26] org.springframework.boot.web.embedded.tomcat.TomcatWebServer [241] - Tomcat started on port 8080 (http) with context path ''
[ INFO ] [restartedMain] [2024-02-15 13:01:26] com.ulisesbocchio.jasyptspringboot.caching.RefreshScopeRefreshedEventListener [47] - Refreshing cached encryptable property sources on ServletWebServerInitializedEvent
[ INFO ] [restartedMain] [2024-02-15 13:01:26] com.ulisesbocchio.jasyptspringboot.caching.CachingDelegateEncryptablePropertySource [55] - Property Source systemProperties refreshed
[ INFO ] [restartedMain] [2024-02-15 13:01:26] com.ulisesbocchio.jasyptspringboot.caching.CachingDelegateEncryptablePropertySource [55] - Property Source systemEnvironment refreshed
[ INFO ] [restartedMain] [2024-02-15 13:01:26] com.ulisesbocchio.jasyptspringboot.caching.CachingDelegateEncryptablePropertySource [55] - Property Source random refreshed
[ INFO ] [restartedMain] [2024-02-15 13:01:26] com.ulisesbocchio.jasyptspringboot.caching.CachingDelegateEncryptablePropertySource [55] - Property Source Config resource 'class path resource [application-local.yml]' via location 'optional:classpath:/' refreshed
[ INFO ] [restartedMain] [2024-02-15 13:01:26] com.ulisesbocchio.jasyptspringboot.caching.CachingDelegateEncryptablePropertySource [55] - Property Source Config resource 'class path resource [application.yml]' via location 'optional:classpath:/' refreshed
[ INFO ] [restartedMain] [2024-02-15 13:01:26] com.ulisesbocchio.jasyptspringboot.caching.CachingDelegateEncryptablePropertySource [55] - Property Source devtools refreshed
[ INFO ] [restartedMain] [2024-02-15 13:01:26] com.ulisesbocchio.jasyptspringboot.EncryptablePropertySourceConverter [81] - Converting PropertySource server.ports [org.springframework.core.env.MapPropertySource] to EncryptableMapPropertySourceWrapper
[ INFO ] [restartedMain] [2024-02-15 13:01:26] com.ulisesbocchio.jasyptspringboot.EncryptablePropertySourceConverter [76] - Skipping PropertySource configurationProperties [class org.springframework.boot.context.properties.source.ConfigurationPropertySourcesPropertySource
[ INFO ] [restartedMain] [2024-02-15 13:01:26] com.ulisesbocchio.jasyptspringboot.EncryptablePropertySourceConverter [76] - Skipping PropertySource servletConfigInitParams [class org.springframework.core.env.PropertySource$StubPropertySource
[ INFO ] [restartedMain] [2024-02-15 13:01:26] com.ulisesbocchio.jasyptspringboot.EncryptablePropertySourceConverter [81] - Converting PropertySource servletContextInitParams [org.springframework.web.context.support.ServletContextPropertySource] to EncryptableEnumerablePropertySourceWrapper
[ INFO ] [restartedMain] [2024-02-15 13:01:26] com.ulisesbocchio.jasyptspringboot.EncryptablePropertySourceConverter [81] - Converting PropertySource Management Server [org.springframework.boot.actuate.autoconfigure.web.server.ManagementContextAutoConfiguration$SameManagementContextConfiguration$1] to EncryptablePropertySourceWrapper
[ INFO ] [restartedMain] [2024-02-15 13:01:26] org.springframework.scheduling.quartz.SchedulerFactoryBean [729] - Starting Quartz Scheduler now
[ INFO ] [restartedMain] [2024-02-15 13:01:26] org.quartz.core.QuartzScheduler [547] - Scheduler quartzScheduler_$_NON_CLUSTERED started.
[ INFO ] [restartedMain] [2024-02-15 13:01:26] com.picpal.framework.BoilerplateApplication [56] - Started BoilerplateApplication in 3.142 seconds (process running for 300.068)
[ INFO ] [restartedMain] [2024-02-15 13:01:26] org.springframework.boot.devtools.autoconfigure.ConditionEvaluationDeltaLoggingListener [63] - Condition evaluation unchanged
[ INFO ] [File Watcher] [2024-02-15 13:01:27] o.s.b.d.a.LocalDevToolsAutoConfiguration$RestartingClassPathChangeChangedEventListener [211] - Restarting due to 1 class path change (1 addition, 0 deletions, 0 modifications)
[ INFO ] [Thread-8] [2024-02-15 13:01:27] org.quartz.core.QuartzScheduler [585] - Scheduler quartzScheduler_$_NON_CLUSTERED paused.
[ INFO ] [Thread-8] [2024-02-15 13:01:27] org.springframework.boot.web.embedded.tomcat.GracefulShutdown [53] - Commencing graceful shutdown. Waiting for active requests to complete
[ INFO ] [tomcat-shutdown] [2024-02-15 13:01:27] org.springframework.boot.web.embedded.tomcat.GracefulShutdown [78] - Graceful shutdown complete
[ INFO ] [Thread-8] [2024-02-15 13:01:27] org.springframework.scheduling.quartz.SchedulerFactoryBean [847] - Shutting down Quartz Scheduler
[ INFO ] [Thread-8] [2024-02-15 13:01:27] org.quartz.core.QuartzScheduler [666] - Scheduler quartzScheduler_$_NON_CLUSTERED shutting down.
[ INFO ] [Thread-8] [2024-02-15 13:01:27] org.quartz.core.QuartzScheduler [585] - Scheduler quartzScheduler_$_NON_CLUSTERED paused.
[ INFO ] [Thread-8] [2024-02-15 13:01:27] org.quartz.core.QuartzScheduler [740] - Scheduler quartzScheduler_$_NON_CLUSTERED shutdown complete.
[ INFO ] [Thread-8] [2024-02-15 13:01:27] org.springframework.orm.jpa.LocalContainerEntityManagerFactoryBean [650] - Closing JPA EntityManagerFactory for persistence unit 'default'
[ INFO ] [Thread-8] [2024-02-15 13:01:27] com.zaxxer.hikari.HikariDataSource [350] - HikariPool-2 - Shutdown initiated...
[ INFO ] [Thread-8] [2024-02-15 13:01:27] com.zaxxer.hikari.HikariDataSource [352] - HikariPool-2 - Shutdown completed.
[ INFO ] [restartedMain] [2024-02-15 13:01:27] com.picpal.framework.BoilerplateApplication [50] - Starting BoilerplateApplication using Java 17.0.8 with PID 3040 (C:\Users\bwc\Desktop\picpal\boilerplate-back\build\classes\java\main started by bwc in C:\Users\bwc\Desktop\picpal\boilerplate-back)
[ INFO ] [restartedMain] [2024-02-15 13:01:27] com.picpal.framework.BoilerplateApplication [660] - The following 1 profile is active: "local"
[ INFO ] [restartedMain] [2024-02-15 13:01:28] org.springframework.data.repository.config.RepositoryConfigurationDelegate [139] - Bootstrapping Spring Data JPA repositories in DEFAULT mode.
[ INFO ] [restartedMain] [2024-02-15 13:01:28] org.springframework.data.repository.config.RepositoryConfigurationDelegate [208] - Finished Spring Data repository scanning in 11 ms. Found 1 JPA repository interface.
[ INFO ] [restartedMain] [2024-02-15 13:01:28] c.u.jasyptspringboot.configuration.EnableEncryptablePropertiesBeanFactoryPostProcessor [40] - Post-processing PropertySource instances
[ INFO ] [restartedMain] [2024-02-15 13:01:28] com.ulisesbocchio.jasyptspringboot.EncryptablePropertySourceConverter [76] - Skipping PropertySource configurationProperties [class org.springframework.boot.context.properties.source.ConfigurationPropertySourcesPropertySource
[ INFO ] [restartedMain] [2024-02-15 13:01:28] com.ulisesbocchio.jasyptspringboot.EncryptablePropertySourceConverter [76] - Skipping PropertySource servletConfigInitParams [class org.springframework.core.env.PropertySource$StubPropertySource
[ INFO ] [restartedMain] [2024-02-15 13:01:28] com.ulisesbocchio.jasyptspringboot.EncryptablePropertySourceConverter [76] - Skipping PropertySource servletContextInitParams [class org.springframework.core.env.PropertySource$StubPropertySource
[ INFO ] [restartedMain] [2024-02-15 13:01:28] com.ulisesbocchio.jasyptspringboot.EncryptablePropertySourceConverter [81] - Converting PropertySource systemProperties [org.springframework.core.env.PropertiesPropertySource] to EncryptableMapPropertySourceWrapper
[ INFO ] [restartedMain] [2024-02-15 13:01:28] com.ulisesbocchio.jasyptspringboot.EncryptablePropertySourceConverter [81] - Converting PropertySource systemEnvironment [org.springframework.boot.env.SystemEnvironmentPropertySourceEnvironmentPostProcessor$OriginAwareSystemEnvironmentPropertySource] to EncryptableSystemEnvironmentPropertySourceWrapper
[ INFO ] [restartedMain] [2024-02-15 13:01:28] com.ulisesbocchio.jasyptspringboot.EncryptablePropertySourceConverter [81] - Converting PropertySource random [org.springframework.boot.env.RandomValuePropertySource] to EncryptablePropertySourceWrapper
[ INFO ] [restartedMain] [2024-02-15 13:01:28] com.ulisesbocchio.jasyptspringboot.EncryptablePropertySourceConverter [81] - Converting PropertySource Config resource 'class path resource [application-local.yml]' via location 'optional:classpath:/' [org.springframework.boot.env.OriginTrackedMapPropertySource] to EncryptableMapPropertySourceWrapper
[ INFO ] [restartedMain] [2024-02-15 13:01:28] com.ulisesbocchio.jasyptspringboot.EncryptablePropertySourceConverter [81] - Converting PropertySource Config resource 'class path resource [application.yml]' via location 'optional:classpath:/' [org.springframework.boot.env.OriginTrackedMapPropertySource] to EncryptableMapPropertySourceWrapper
[ INFO ] [restartedMain] [2024-02-15 13:01:28] com.ulisesbocchio.jasyptspringboot.EncryptablePropertySourceConverter [81] - Converting PropertySource devtools [org.springframework.core.env.MapPropertySource] to EncryptableMapPropertySourceWrapper
[ INFO ] [restartedMain] [2024-02-15 13:01:28] com.ulisesbocchio.jasyptspringboot.filter.DefaultLazyPropertyFilter [31] - Property Filter custom Bean not found with name 'encryptablePropertyFilter'. Initializing Default Property Filter
[ INFO ] [restartedMain] [2024-02-15 13:01:28] com.ulisesbocchio.jasyptspringboot.resolver.DefaultLazyPropertyResolver [35] - Property Resolver custom Bean not found with name 'encryptablePropertyResolver'. Initializing Default Property Resolver
[ INFO ] [restartedMain] [2024-02-15 13:01:28] com.ulisesbocchio.jasyptspringboot.detector.DefaultLazyPropertyDetector [35] - Property Detector custom Bean not found with name 'encryptablePropertyDetector'. Initializing Default Property Detector
[ INFO ] [restartedMain] [2024-02-15 13:01:28] org.springframework.boot.web.embedded.tomcat.TomcatWebServer [109] - Tomcat initialized with port 8080 (http)
[ INFO ] [restartedMain] [2024-02-15 13:01:28] org.apache.catalina.core.StandardService [173] - Starting service [Tomcat]
[ INFO ] [restartedMain] [2024-02-15 13:01:28] org.apache.catalina.core.StandardEngine [173] - Starting Servlet engine: [Apache Tomcat/10.1.18]
[ INFO ] [restartedMain] [2024-02-15 13:01:28] org.apache.catalina.core.ContainerBase.[Tomcat].[localhost].[/] [173] - Initializing Spring embedded WebApplicationContext
[ INFO ] [restartedMain] [2024-02-15 13:01:28] org.springframework.boot.web.servlet.context.ServletWebServerApplicationContext [296] - Root WebApplicationContext: initialization completed in 811 ms
[ INFO ] [restartedMain] [2024-02-15 13:01:28] com.picpal.framework.common.config.JasyptConfig [20] - ######### key : 00001111
[ INFO ] [restartedMain] [2024-02-15 13:01:28] com.ulisesbocchio.jasyptspringboot.encryptor.DefaultLazyEncryptor [32] - Found Custom Encryptor Bean org.jasypt.encryption.pbe.PooledPBEStringEncryptor@51450a5b with name: jasyptEncryptorAES
[ INFO ] [restartedMain] [2024-02-15 13:01:28] com.zaxxer.hikari.HikariDataSource [110] - HikariPool-3 - Starting...
[ INFO ] [restartedMain] [2024-02-15 13:01:28] com.zaxxer.hikari.pool.HikariPool [565] - HikariPool-3 - Added connection conn22: url=jdbc:h2:~/test user=ADMIN
[ INFO ] [restartedMain] [2024-02-15 13:01:28] com.zaxxer.hikari.HikariDataSource [123] - HikariPool-3 - Start completed.
[ INFO ] [restartedMain] [2024-02-15 13:01:28] org.springframework.boot.autoconfigure.h2.H2ConsoleAutoConfiguration [88] - H2 console available at '/h2-console'. Database available at 'jdbc:h2:~/test'
[ INFO ] [restartedMain] [2024-02-15 13:01:28] org.hibernate.jpa.internal.util.LogHelper [31] - HHH000204: Processing PersistenceUnitInfo [name: default]
[ INFO ] [restartedMain] [2024-02-15 13:01:28] org.hibernate.cache.internal.RegionFactoryInitiator [50] - HHH000026: Second-level cache disabled
[ INFO ] [restartedMain] [2024-02-15 13:01:29] org.springframework.orm.jpa.persistenceunit.SpringPersistenceUnitInfo [87] - No LoadTimeWeaver setup: ignoring JPA class transformer
[ WARN ] [restartedMain] [2024-02-15 13:01:29] org.hibernate.orm.deprecation [153] - HHH90000025: H2Dialect does not need to be specified explicitly using 'hibernate.dialect' (remove the property setting and it will be selected by default)
[ INFO ] [restartedMain] [2024-02-15 13:01:29] org.hibernate.engine.transaction.jta.platform.internal.JtaPlatformInitiator [58] - HHH000489: No JTA platform available (set 'hibernate.transaction.jta.platform' to enable JTA platform integration)
[ INFO ] [restartedMain] [2024-02-15 13:01:29] org.springframework.orm.jpa.LocalContainerEntityManagerFactoryBean [437] - Initialized JPA EntityManagerFactory for persistence unit 'default'
[ WARN ] [restartedMain] [2024-02-15 13:01:29] org.springframework.boot.autoconfigure.orm.jpa.JpaBaseConfiguration$JpaWebConfiguration [232] - spring.jpa.open-in-view is enabled by default. Therefore, database queries may be performed during view rendering. Explicitly configure spring.jpa.open-in-view to disable this warning
[ INFO ] [restartedMain] [2024-02-15 13:01:30] org.springframework.boot.actuate.endpoint.web.EndpointLinksResolver [58] - Exposing 2 endpoint(s) beneath base path '/actuator'
[ INFO ] [restartedMain] [2024-02-15 13:01:30] org.springframework.security.web.DefaultSecurityFilterChain [54] - Will secure Or [Mvc [pattern='/**']] with [org.springframework.security.web.session.DisableEncodeUrlFilter@17e0e87a, org.springframework.security.web.context.request.async.WebAsyncManagerIntegrationFilter@3f636a7b, org.springframework.security.web.context.SecurityContextHolderFilter@421ca194, org.springframework.security.web.header.HeaderWriterFilter@57b05b83, org.springframework.security.web.authentication.logout.LogoutFilter@24f9128a, org.springframework.security.web.authentication.www.BasicAuthenticationFilter@24718b46, org.springframework.security.web.savedrequest.RequestCacheAwareFilter@ec96cc8, org.springframework.security.web.servletapi.SecurityContextHolderAwareRequestFilter@6b6d62c6, org.springframework.security.web.authentication.AnonymousAuthenticationFilter@984f6f8, org.springframework.security.web.session.SessionManagementFilter@6599e019, org.springframework.security.web.access.ExceptionTranslationFilter@33759c93, org.springframework.security.web.access.intercept.AuthorizationFilter@52eced80]
[ INFO ] [restartedMain] [2024-02-15 13:01:30] org.quartz.impl.StdSchedulerFactory [1220] - Using default implementation for ThreadExecutor
[ INFO ] [restartedMain] [2024-02-15 13:01:30] org.quartz.core.SchedulerSignalerImpl [61] - Initialized Scheduler Signaller of type: class org.quartz.core.SchedulerSignalerImpl
[ INFO ] [restartedMain] [2024-02-15 13:01:30] org.quartz.core.QuartzScheduler [229] - Quartz Scheduler v.2.3.2 created.
[ INFO ] [restartedMain] [2024-02-15 13:01:30] org.quartz.simpl.RAMJobStore [155] - RAMJobStore initialized.
[ INFO ] [restartedMain] [2024-02-15 13:01:30] org.quartz.core.QuartzScheduler [294] - Scheduler meta-data: Quartz Scheduler (v2.3.2) 'quartzScheduler' with instanceId 'NON_CLUSTERED'
  Scheduler class: 'org.quartz.core.QuartzScheduler' - running locally.
  NOT STARTED.
  Currently in standby mode.
  Number of jobs executed: 0
  Using thread pool 'org.quartz.simpl.SimpleThreadPool' - with 10 threads.
  Using job-store 'org.quartz.simpl.RAMJobStore' - which does not support persistence. and is not clustered.

[ INFO ] [restartedMain] [2024-02-15 13:01:30] org.quartz.impl.StdSchedulerFactory [1374] - Quartz scheduler 'quartzScheduler' initialized from an externally provided properties instance.
[ INFO ] [restartedMain] [2024-02-15 13:01:30] org.quartz.impl.StdSchedulerFactory [1378] - Quartz scheduler version: 2.3.2
[ INFO ] [restartedMain] [2024-02-15 13:01:30] org.quartz.core.QuartzScheduler [2293] - JobFactory set to: org.springframework.scheduling.quartz.SpringBeanJobFactory@45528de9
[ INFO ] [restartedMain] [2024-02-15 13:01:30] org.springframework.boot.devtools.autoconfigure.OptionalLiveReloadServer [59] - LiveReload server is running on port 35729
[ INFO ] [restartedMain] [2024-02-15 13:01:30] org.springframework.boot.web.embedded.tomcat.TomcatWebServer [241] - Tomcat started on port 8080 (http) with context path ''
[ INFO ] [restartedMain] [2024-02-15 13:01:30] com.ulisesbocchio.jasyptspringboot.caching.RefreshScopeRefreshedEventListener [47] - Refreshing cached encryptable property sources on ServletWebServerInitializedEvent
[ INFO ] [restartedMain] [2024-02-15 13:01:30] com.ulisesbocchio.jasyptspringboot.caching.CachingDelegateEncryptablePropertySource [55] - Property Source systemProperties refreshed
[ INFO ] [restartedMain] [2024-02-15 13:01:30] com.ulisesbocchio.jasyptspringboot.caching.CachingDelegateEncryptablePropertySource [55] - Property Source systemEnvironment refreshed
[ INFO ] [restartedMain] [2024-02-15 13:01:30] com.ulisesbocchio.jasyptspringboot.caching.CachingDelegateEncryptablePropertySource [55] - Property Source random refreshed
[ INFO ] [restartedMain] [2024-02-15 13:01:30] com.ulisesbocchio.jasyptspringboot.caching.CachingDelegateEncryptablePropertySource [55] - Property Source Config resource 'class path resource [application-local.yml]' via location 'optional:classpath:/' refreshed
[ INFO ] [restartedMain] [2024-02-15 13:01:30] com.ulisesbocchio.jasyptspringboot.caching.CachingDelegateEncryptablePropertySource [55] - Property Source Config resource 'class path resource [application.yml]' via location 'optional:classpath:/' refreshed
[ INFO ] [restartedMain] [2024-02-15 13:01:30] com.ulisesbocchio.jasyptspringboot.caching.CachingDelegateEncryptablePropertySource [55] - Property Source devtools refreshed
[ INFO ] [restartedMain] [2024-02-15 13:01:30] com.ulisesbocchio.jasyptspringboot.EncryptablePropertySourceConverter [81] - Converting PropertySource server.ports [org.springframework.core.env.MapPropertySource] to EncryptableMapPropertySourceWrapper
[ INFO ] [restartedMain] [2024-02-15 13:01:30] com.ulisesbocchio.jasyptspringboot.EncryptablePropertySourceConverter [76] - Skipping PropertySource configurationProperties [class org.springframework.boot.context.properties.source.ConfigurationPropertySourcesPropertySource
[ INFO ] [restartedMain] [2024-02-15 13:01:30] com.ulisesbocchio.jasyptspringboot.EncryptablePropertySourceConverter [76] - Skipping PropertySource servletConfigInitParams [class org.springframework.core.env.PropertySource$StubPropertySource
[ INFO ] [restartedMain] [2024-02-15 13:01:30] com.ulisesbocchio.jasyptspringboot.EncryptablePropertySourceConverter [81] - Converting PropertySource servletContextInitParams [org.springframework.web.context.support.ServletContextPropertySource] to EncryptableEnumerablePropertySourceWrapper
[ INFO ] [restartedMain] [2024-02-15 13:01:30] com.ulisesbocchio.jasyptspringboot.EncryptablePropertySourceConverter [81] - Converting PropertySource Management Server [org.springframework.boot.actuate.autoconfigure.web.server.ManagementContextAutoConfiguration$SameManagementContextConfiguration$1] to EncryptablePropertySourceWrapper
[ INFO ] [restartedMain] [2024-02-15 13:01:30] org.springframework.scheduling.quartz.SchedulerFactoryBean [729] - Starting Quartz Scheduler now
[ INFO ] [restartedMain] [2024-02-15 13:01:30] org.quartz.core.QuartzScheduler [547] - Scheduler quartzScheduler_$_NON_CLUSTERED started.
[ INFO ] [restartedMain] [2024-02-15 13:01:30] com.picpal.framework.BoilerplateApplication [56] - Started BoilerplateApplication in 2.617 seconds (process running for 304.227)
[ INFO ] [restartedMain] [2024-02-15 13:01:30] org.springframework.boot.devtools.autoconfigure.ConditionEvaluationDeltaLoggingListener [63] - Condition evaluation unchanged
